{"numTotalTestSuites":46,"numPassedTestSuites":46,"numFailedTestSuites":0,"numPendingTestSuites":0,"numTotalTests":108,"numPassedTests":37,"numFailedTests":71,"numPendingTests":0,"numTodoTests":0,"startTime":1776358173072,"success":false,"testResults":[{"assertionResults":[{"ancestorTitles":["","AMLScoringView"],"fullName":" AMLScoringView повинен відмальовувати заголовок та форму","status":"passed","title":"повинен відмальовувати заголовок та форму","duration":548,"failureMessages":[]},{"ancestorTitles":["","AMLScoringView"],"fullName":" AMLScoringView повинен виконувати аналіз сутності","status":"passed","title":"повинен виконувати аналіз сутності","duration":1715,"failureMessages":[]},{"ancestorTitles":["","AMLScoringView"],"fullName":" AMLScoringView повинен перемикатися на пакетний режим","status":"passed","title":"повинен перемикатися на пакетний режим","duration":66,"failureMessages":[]},{"ancestorTitles":["","AMLScoringView"],"fullName":" AMLScoringView повинен відображати помилку при невдалому запиті","status":"passed","title":"повинен відображати помилку при невдалому запиті","duration":84,"failureMessages":[]}],"startTime":1776358194881,"endTime":1776358197294,"status":"passed","message":"","name":"/Users/Shared/Predator_60/apps/predator-analytics-ui/src/features/intelligence/__tests__/AMLScoringView.test.tsx"},{"assertionResults":[{"ancestorTitles":["","AdvancedChartsPremium"],"fullName":" AdvancedChartsPremium відмальовує заголовок та перемикачі діапазону","status":"passed","title":"відмальовує заголовок та перемикачі діапазону","duration":444,"failureMessages":[]},{"ancestorTitles":["","AdvancedChartsPremium"],"fullName":" AdvancedChartsPremium завантажує та відображає дані на графіках","status":"passed","title":"завантажує та відображає дані на графіках","duration":354,"failureMessages":[]},{"ancestorTitles":["","AdvancedChartsPremium"],"fullName":" AdvancedChartsPremium дозволяє змінювати часовий діапазон","status":"passed","title":"дозволяє змінювати часовий діапазон","duration":183,"failureMessages":[]},{"ancestorTitles":["","AdvancedChartsPremium"],"fullName":" AdvancedChartsPremium відображає AI інсайти","status":"passed","title":"відображає AI інсайти","duration":52,"failureMessages":[]}],"startTime":1776358201415,"endTime":1776358202449,"status":"passed","message":"","name":"/Users/Shared/Predator_60/apps/predator-analytics-ui/src/features/intelligence/__tests__/AdvancedChartsPremium.test.tsx"},{"assertionResults":[{"ancestorTitles":["","AnalyticsView"],"fullName":" AnalyticsView повинен відмальовувати основні елементи та завантажувати дашборд","status":"passed","title":"повинен відмальовувати основні елементи та завантажувати дашборд","duration":343,"failureMessages":[]},{"ancestorTitles":["","AnalyticsView"],"fullName":" AnalyticsView повинен виконувати пошук та відображати результати","status":"failed","title":"повинен виконувати пошук та відображати результати","duration":1586,"failureMessages":["Unable to find an element with the text: /СКАНУВАТИ/i. This could be because the text is broken up by multiple elements. In this case, you can provide a function for your text matcher to make your matcher more flexible.\n\nIgnored nodes: comments, script, style\n\u001b[36m<body>\u001b[39m\n  \u001b[36m<div>\u001b[39m\n    \u001b[36m<div\u001b[39m\n      \u001b[33mclass\u001b[39m=\u001b[32m\"min-h-screen flex flex-col p-12 gap-12 relative z-10 animate-in fade-in duration-1000 bg-[#020202]\"\u001b[39m\n    \u001b[36m>\u001b[39m\n      \u001b[36m<div\u001b[39m\n        \u001b[33mdata-testid\u001b[39m=\u001b[32m\"advanced-bg\"\u001b[39m\n      \u001b[36m/>\u001b[39m\n      \u001b[36m<div\u001b[39m\n        \u001b[33mclass\u001b[39m=\u001b[32m\"absolute inset-0 bg-[radial-gradient(ellipse_at_top,rgba(212,175,55,0.05),transparent_70%)] pointer-events-none\"\u001b[39m\n      \u001b[36m/>\u001b[39m\n      \u001b[36m<div\u001b[39m\n        \u001b[33mdata-testid\u001b[39m=\u001b[32m\"view-header\"\u001b[39m\n      \u001b[36m>\u001b[39m\n        \u001b[36m<h3>\u001b[39m\n          \u001b[36m<div\u001b[39m\n            \u001b[33mclass\u001b[39m=\u001b[32m\"flex items-center gap-10\"\u001b[39m\n          \u001b[36m>\u001b[39m\n            \u001b[36m<div\u001b[39m\n              \u001b[33mclass\u001b[39m=\u001b[32m\"relative group\"\u001b[39m\n            \u001b[36m>\u001b[39m\n              \u001b[36m<div\u001b[39m\n                \u001b[33mclass\u001b[39m=\u001b[32m\"absolute inset-0 bg-yellow-500/20 blur-3xl rounded-full scale-150 animate-pulse\"\u001b[39m\n              \u001b[36m/>\u001b[39m\n              \u001b[36m<div\u001b[39m\n                \u001b[33mclass\u001b[39m=\u001b[32m\"relative p-7 bg-black border-2 border-yellow-500/40 rounded-[2.5rem] shadow-4xl transform rotate-2 hover:rotate-0 transition-all\"\u001b[39m\n              \u001b[36m>\u001b[39m\n                \u001b[36m<span\u001b[39m\n                  \u001b[33mclass\u001b[39m=\u001b[32m\"text-yellow-500 shadow-[0_0_20px_#d4af37]\"\u001b[39m\n                  \u001b[33mdata-testid\u001b[39m=\u001b[32m\"icon-network\"\u001b[39m\n                  \u001b[33msize\u001b[39m=\u001b[32m\"42\"\u001b[39m\n                \u001b[36m/>\u001b[39m\n              \u001b[36m</div>\u001b[39m\n            \u001b[36m</div>\u001b[39m\n            \u001b[36m<div\u001b[39m\n              \u001b[33mclass\u001b[39m=\u001b[32m\"space-y-2\"\u001b[39m\n            \u001b[36m>\u001b[39m\n              \u001b[36m<div\u001b[39m\n                \u001b[33mclass\u001b[39m=\u001b[32m\"flex items-center gap-4\"\u001b[39m\n              \u001b[36m>\u001b[39m\n                \u001b[36m<span\u001b[39m\n                  \u001b[33mclass\u001b[39m=\u001b[32m\"bg-yellow-500/10 border border-yellow-500/20 text-yellow-500 px-4 py-1 text-[10px] font-black tracking-[0.4em] uppercase italic rounded-lg\"\u001b[39m\n                \u001b[36m>\u001b[39m\n                  \u001b[0mSEMANTIC_CORE // RADAR_ARRAY\u001b[0m\n                \u001b[36m</span>\u001b[39m\n                \u001b[36m<div\u001b[39m\n                  \u001b[33mclass\u001b[39m=\u001b[32m\"h-px w-12 bg-yellow-500/20\"\u001b[39m\n                \u001b[36m/>\u001b[39m\n                \u001b[36m<span\u001b[39m\n                  \u001b[33mclass\u001b[39m=\u001b[32m\"text-[10px] font-black text-yellow-800 font-mono tracking-widest uppercase italic shadow-sm\"\u001b[39m\n                \u001b[36m>\u001b[39m\n                  \u001b[0mv56.5-ELITE\u001b[0m\n                \u001b[36m</span>\u001b[39m\n              \u001b[36m</div>\u001b[39m\n              \u001b[36m<h1\u001b[39m\n                \u001b[33mclass\u001b[39m=\u001b[32m\"text-6xl font-black text-white tracking-tighter uppercase italic skew-x-[-3deg] leading-none\"\u001b[39m\n              \u001b[36m>\u001b[39m\n                \u001b[0mСЕМАНТИЧНИЙ \u001b[0m\n                \u001b[36m<span\u001b[39m\n                  \u001b[33mclass\u001b[39m=\u001b[32m\"text-yellow-500 underline decoration-yellow-600/30 decoration-[14px] underline-offset-[12px] italic uppercase tracking-tighter\"\u001b[39m\n                \u001b[36m>\u001b[39m\n                  \u001b[0mРАДАР\u001b[0m\n                \u001b[36m</span>\u001b[39m\n              \u001b[36m</h1>\u001b[39m\n            \u001b[36m</div>\u001b[39m\n          \u001b[36m</div>\u001b[39m\n        \u001b[36m</h3>\u001b[39m\n        \u001b[36m<div>\u001b[39m\n          \u001b[0mТОПО_ВУЗЛІВ\u001b[0m\n          \u001b[0m: \u001b[0m\n          \u001b[0m100\u001b[0m\n        \u001b[36m</div>\u001b[39m\n        \u001b[36m<div>\u001b[39m\n          \u001b[0mАКТИВНІ_ЗВ'ЯЗКИ\u001b[0m\n          \u001b[0m: \u001b[0m\n          \u001b[0m500\u001b[0m\n        \u001b[36m</div>\u001b[39m\n        \u001b[36m<div>\u001b[39m\n          \u001b[0mFIDELITY_INDEX\u001b[0m\n          \u001b[0m: \u001b[0m\n          \u001b[0m98.8%\u001b[0m\n        \u001b[36m</div>\u001b[39m\n      \u001b[36m</div>\u001b[39m\n      \u001b[36m<div\u001b[39m\n        \u001b[33mclass\u001b[39m=\u001b[32m\"flex flex-col xl:flex-row gap-8 items-center z-20\"\u001b[39m\n      \u001b[36m>\u001b[39m\n        \u001b[36m<div\u001b[39m\n          \u001b[33mclass\u001b[39m=\u001b[32m\"relative flex-1 group w-full\"\u001b[39m\n        \u001b[36m>\u001b[39m\n          \u001b[36m<input\u001b[39m\n            \u001b[33mclass\u001b[39m=\u001b[32m\"w-full pl-20 pr-48 py-8 bg-black border-2 border-white/5 rounded-[3rem] text-white placeholder-slate-800 focus:border-yellow-500/40 focus:ring-8 focus:ring-yellow-500/5 transition-all font-black italic text-lg backdrop-blur-3xl shadow-4xl tracking-tight\"\u001b[39m\n            \u001b[33mplaceholder\u001b[39m=\u001b[32m\"Пошук компанії, особи або схем...\"\u001b[39m\n            \u001b[33mtype\u001b[39m=\u001b[32m\"text\"\u001b[39m\n            \u001b[33mvalue\u001b[39m=\u001b[32m\"\"\u001b[39m\n          \u001b[36m/>\u001b[39m\n          \u001b[36m<span\u001b[39m\n            \u001b[33mclass\u001b[39m=\u001b[32m\"absolute left-8 top-1/2 -translate-y-1/2 text-slate-800 group-focus-within:text-yellow-500 transition-colors\"\u001b[39m\n            \u001b[33mdata-testid\u001b[39m=\u001b[32m\"icon-search\"\u001b[39m\n            \u001b[33msize\u001b[39m=\u001b[32m\"32\"\u001b[39m\n          \u001b[36m/>\u001b[39m\n          \u001b[36m<div\u001b[39m\n            \u001b[33mclass\u001b[39m=\u001b[32m\"absolute right-4 top-3 bottom-3 flex items-center gap-4\"\u001b[39m\n          \u001b[36m>\u001b[39m\n            \u001b[36m<button\u001b[39m\n              \u001b[33mclass\u001b[39m=\u001b[32m\"px-12 h-full bg-gradient-to-r from-yellow-600 to-yellow-500 hover:from-yellow-500 hover:to-yellow-400 text-black rounded-[2rem] transition-all font-black text-[12px] uppercase tracking-[0.4em] italic flex items-center gap-4 shadow-4xl border-2 border-yellow-400/20\"\u001b[39m\n            \u001b[36m>\u001b[39m\n              \u001b[36m<span\u001b[39m\n                \u001b[33mdata-testid\u001b[39m=\u001b[32m\"icon-target\"\u001b[39m\n                \u001b[33msize\u001b[39m=\u001b[32m\"20\"\u001b[39m\n              \u001b[36m/>\u001b[39m\n              \u001b[0m EXECUTE_SCAN\u001b[0m\n            \u001b[36m</button>\u001b[39m\n          \u001b[36m</div>\u001b[39m\n        \u001b[36m</div>\u001b[39m\n        \u001b[36m<div\u001b[39m\n          \u001b[33mclass\u001b[39m=\u001b[32m\"flex gap-6 p-3 bg-black border-2 border-white/5 rounded-[4rem] backdrop-blur-3xl shadow-4xl\"\u001b[39m\n        \u001b[36m>\u001b[39m\n          \u001b[36m<button\u001b[39m\n            \u001b[33mclass\u001b[39m=\u001b[32m\"px-10 py-5 rounded-[2.5rem] flex items-center gap-4 transition-all duration-700 italic border-2 bg-yellow-600 border-yellow-500 text-white shadow-4xl scale-105\"\u001b[39m\n          \u001b[36m>\u001b[39m\n            \u001b[36m<span\u001b[39m\n              \u001b[33mdata-testid\u001b[39m=\u001b[32m\"icon-network\"\u001b[39m\n              \u001b[33msize\u001b[39m=\u001b[32m\"20\"\u001b[39m\n            \u001b[36m/>\u001b[39m\n            \u001b[36m<span\u001b[39m\n              \u001b[33mclass\u001b[39m=\u001b[32m\"text-[10px] font-black uppercase tracking-[0.3em]\"\u001b[39m\n            \u001b[36m>\u001b[39m\n              \u001b[0mRADAR_ARRAY\u001b[0m\n            \u001b[36m</span>\u001b[39m\n          \u001b[36m</button>\u001b[39m\n          \u001b[36m<button\u001b[39m\n            \u001b[33mclass\u001b[39m=\u001b[32m\"px-10 py-5 rounded-[2.5rem] flex items-center gap-4 transition-all duration-700 italic border-2 text-slate-700 border-transparent hover:text-white hover:bg-white/5\"\u001b[39m\n          \u001b[36m>\u001b[39m\n            \u001b[36m<span\u001b[39m\n              \u001b[33mdata-testid\u001b[39m=\u001b[32m\"icon-barchart3\"\u001b[39m\n              \u001b[33msize\u001b[39m=\u001b[32m\"20\"\u001b[39m\n            \u001b[36m/>\u001b[39m\n            \u001b[36m<span\u001b[39m\n              \u001b[33mclass\u001b[39m=\u001b[32m\"text-[10px] font-black uppercase tracking-[0.3em]\"\u001b[39m\n            \u001b[36m>\u001b[39m\n              \u001b[0mVISUAL_VECTOR\u001b[0m\n            \u001b[36m</span>\u001b[39m\n          \u001b[36m</button>\u001b[39m\n          \u001b[36m<div\u001b[39m\n            \u001b[33mclass\u001b[39m=\u001b[32m\"w-px h-10 bg-white/5 mx-2 self-center\"\u001b[39m\n          \u001b[3...\n\nIgnored nodes: comments, script, style\n\u001b[36m<body>\u001b[39m\n  \u001b[36m<div>\u001b[39m\n    \u001b[36m<div\u001b[39m\n      \u001b[33mclass\u001b[39m=\u001b[32m\"min-h-screen flex flex-col p-12 gap-12 relative z-10 animate-in fade-in duration-1000 bg-[#020202]\"\u001b[39m\n    \u001b[36m>\u001b[39m\n      \u001b[36m<div\u001b[39m\n        \u001b[33mdata-testid\u001b[39m=\u001b[32m\"advanced-bg\"\u001b[39m\n      \u001b[36m/>\u001b[39m\n      \u001b[36m<div\u001b[39m\n        \u001b[33mclass\u001b[39m=\u001b[32m\"absolute inset-0 bg-[radial-gradient(ellipse_at_top,rgba(212,175,55,0.05),transparent_70%)] pointer-events-none\"\u001b[39m\n      \u001b[36m/>\u001b[39m\n      \u001b[36m<div\u001b[39m\n        \u001b[33mdata-testid\u001b[39m=\u001b[32m\"view-header\"\u001b[39m\n      \u001b[36m>\u001b[39m\n        \u001b[36m<h3>\u001b[39m\n          \u001b[36m<div\u001b[39m\n            \u001b[33mclass\u001b[39m=\u001b[32m\"flex items-center gap-10\"\u001b[39m\n          \u001b[36m>\u001b[39m\n            \u001b[36m<div\u001b[39m\n              \u001b[33mclass\u001b[39m=\u001b[32m\"relative group\"\u001b[39m\n            \u001b[36m>\u001b[39m\n              \u001b[36m<div\u001b[39m\n                \u001b[33mclass\u001b[39m=\u001b[32m\"absolute inset-0 bg-yellow-500/20 blur-3xl rounded-full scale-150 animate-pulse\"\u001b[39m\n              \u001b[36m/>\u001b[39m\n              \u001b[36m<div\u001b[39m\n                \u001b[33mclass\u001b[39m=\u001b[32m\"relative p-7 bg-black border-2 border-yellow-500/40 rounded-[2.5rem] shadow-4xl transform rotate-2 hover:rotate-0 transition-all\"\u001b[39m\n              \u001b[36m>\u001b[39m\n                \u001b[36m<span\u001b[39m\n                  \u001b[33mclass\u001b[39m=\u001b[32m\"text-yellow-500 shadow-[0_0_20px_#d4af37]\"\u001b[39m\n                  \u001b[33mdata-testid\u001b[39m=\u001b[32m\"icon-network\"\u001b[39m\n                  \u001b[33msize\u001b[39m=\u001b[32m\"42\"\u001b[39m\n                \u001b[36m/>\u001b[39m\n              \u001b[36m</div>\u001b[39m\n            \u001b[36m</div>\u001b[39m\n            \u001b[36m<div\u001b[39m\n              \u001b[33mclass\u001b[39m=\u001b[32m\"space-y-2\"\u001b[39m\n            \u001b[36m>\u001b[39m\n              \u001b[36m<div\u001b[39m\n                \u001b[33mclass\u001b[39m=\u001b[32m\"flex items-center gap-4\"\u001b[39m\n              \u001b[36m>\u001b[39m\n                \u001b[36m<span\u001b[39m\n                  \u001b[33mclass\u001b[39m=\u001b[32m\"bg-yellow-500/10 border border-yellow-500/20 text-yellow-500 px-4 py-1 text-[10px] font-black tracking-[0.4em] uppercase italic rounded-lg\"\u001b[39m\n                \u001b[36m>\u001b[39m\n                  \u001b[0mSEMANTIC_CORE // RADAR_ARRAY\u001b[0m\n                \u001b[36m</span>\u001b[39m\n                \u001b[36m<div\u001b[39m\n                  \u001b[33mclass\u001b[39m=\u001b[32m\"h-px w-12 bg-yellow-500/20\"\u001b[39m\n                \u001b[36m/>\u001b[39m\n                \u001b[36m<span\u001b[39m\n                  \u001b[33mclass\u001b[39m=\u001b[32m\"text-[10px] font-black text-yellow-800 font-mono tracking-widest uppercase italic shadow-sm\"\u001b[39m\n                \u001b[36m>\u001b[39m\n                  \u001b[0mv56.5-ELITE\u001b[0m\n                \u001b[36m</span>\u001b[39m\n              \u001b[36m</div>\u001b[39m\n              \u001b[36m<h1\u001b[39m\n                \u001b[33mclass\u001b[39m=\u001b[32m\"text-6xl font-black text-white tracking-tighter uppercase italic skew-x-[-3deg] leading-none\"\u001b[39m\n              \u001b[36m>\u001b[39m\n                \u001b[0mСЕМАНТИЧНИЙ \u001b[0m\n                \u001b[36m<span\u001b[39m\n                  \u001b[33mclass\u001b[39m=\u001b[32m\"text-yellow-500 underline decoration-yellow-600/30 decoration-[14px] underline-offset-[12px] italic uppercase tracking-tighter\"\u001b[39m\n                \u001b[36m>\u001b[39m\n                  \u001b[0mРАДАР\u001b[0m\n                \u001b[36m</span>\u001b[39m\n              \u001b[36m</h1>\u001b[39m\n            \u001b[36m</div>\u001b[39m\n          \u001b[36m</div>\u001b[39m\n        \u001b[36m</h3>\u001b[39m\n        \u001b[36m<div>\u001b[39m\n          \u001b[0mТОПО_ВУЗЛІВ\u001b[0m\n          \u001b[0m: \u001b[0m\n          \u001b[0m100\u001b[0m\n        \u001b[36m</div>\u001b[39m\n        \u001b[36m<div>\u001b[39m\n          \u001b[0mАКТИВНІ_ЗВ'ЯЗКИ\u001b[0m\n          \u001b[0m: \u001b[0m\n          \u001b[0m500\u001b[0m\n        \u001b[36m</div>\u001b[39m\n        \u001b[36m<div>\u001b[39m\n          \u001b[0mFIDELITY_INDEX\u001b[0m\n          \u001b[0m: \u001b[0m\n          \u001b[0m98.8%\u001b[0m\n        \u001b[36m</div>\u001b[39m\n      \u001b[36m</div>\u001b[39m\n      \u001b[36m<div\u001b[39m\n        \u001b[33mclass\u001b[39m=\u001b[32m\"flex flex-col xl:flex-row gap-8 items-center z-20\"\u001b[39m\n      \u001b[36m>\u001b[39m\n        \u001b[36m<div\u001b[39m\n          \u001b[33mclass\u001b[39m=\u001b[32m\"relative flex-1 group w-full\"\u001b[39m\n        \u001b[36m>\u001b[39m\n          \u001b[36m<input\u001b[39m\n            \u001b[33mclass\u001b[39m=\u001b[32m\"w-full pl-20 pr-48 py-8 bg-black border-2 border-white/5 rounded-[3rem] text-white placeholder-slate-800 focus:border-yellow-500/40 focus:ring-8 focus:ring-yellow-500/5 transition-all font-black italic text-lg backdrop-blur-3xl shadow-4xl tracking-tight\"\u001b[39m\n            \u001b[33mplaceholder\u001b[39m=\u001b[32m\"Пошук компанії, особи або схем...\"\u001b[39m\n            \u001b[33mtype\u001b[39m=\u001b[32m\"text\"\u001b[39m\n            \u001b[33mvalue\u001b[39m=\u001b[32m\"\"\u001b[39m\n          \u001b[36m/>\u001b[39m\n          \u001b[36m<span\u001b[39m\n            \u001b[33mclass\u001b[39m=\u001b[32m\"absolute left-8 top-1/2 -translate-y-1/2 text-slate-800 group-focus-within:text-yellow-500 transition-colors\"\u001b[39m\n            \u001b[33mdata-testid\u001b[39m=\u001b[32m\"icon-search\"\u001b[39m\n            \u001b[33msize\u001b[39m=\u001b[32m\"32\"\u001b[39m\n          \u001b[36m/>\u001b[39m\n          \u001b[36m<div\u001b[39m\n            \u001b[33mclass\u001b[39m=\u001b[32m\"absolute right-4 top-3 bottom-3 flex items-center gap-4\"\u001b[39m\n          \u001b[36m>\u001b[39m\n            \u001b[36m<button\u001b[39m\n              \u001b[33mclass\u001b[39m=\u001b[32m\"px-12 h-full bg-gradient-to-r from-yellow-600 to-yellow-500 hover:from-yellow-500 hover:to-yellow-400 text-black rounded-[2rem] transition-all font-black text-[12px] uppercase tracking-[0.4em] italic flex items-center gap-4 shadow-4xl border-2 border-yellow-400/20\"\u001b[39m\n            \u001b[36m>\u001b[39m\n              \u001b[36m<span\u001b[39m\n                \u001b[33mdata-testid\u001b[39m=\u001b[32m\"icon-target\"\u001b[39m\n                \u001b[33msize\u001b[39m=\u001b[32m\"20\"\u001b[39m\n              \u001b[36m/>\u001b[39m\n              \u001b[0m EXECUTE_SCAN\u001b[0m\n            \u001b[36m</button>\u001b[39m\n          \u001b[36m</div>\u001b[39m\n        \u001b[36m</div>\u001b[39m\n        \u001b[36m<div\u001b[39m\n          \u001b[33mclass\u001b[39m=\u001b[32m\"flex gap-6 p-3 bg-black border-2 border-white/5 rounded-[4rem] backdrop-blur-3xl shadow-4xl\"\u001b[39m\n        \u001b[36m>\u001b[39m\n          \u001b[36m<button\u001b[39m\n            \u001b[33mclass\u001b[39m=\u001b[32m\"px-10 py-5 rounded-[2.5rem] flex items-center gap-4 transition-all duration-700 italic border-2 bg-yellow-600 border-yellow-500 text-white shadow-4xl scale-105\"\u001b[39m\n          \u001b[36m>\u001b[39m\n            \u001b[36m<span\u001b[39m\n              \u001b[33mdata-testid\u001b[39m=\u001b[32m\"icon-network\"\u001b[39m\n              \u001b[33msize\u001b[39m=\u001b[32m\"20\"\u001b[39m\n            \u001b[36m/>\u001b[39m\n            \u001b[36m<span\u001b[39m\n              \u001b[33mclass\u001b[39m=\u001b[32m\"text-[10px] font-black uppercase tracking-[0.3em]\"\u001b[39m\n            \u001b[36m>\u001b[39m\n              \u001b[0mRADAR_ARRAY\u001b[0m\n            \u001b[36m</span>\u001b[39m\n          \u001b[36m</button>\u001b[39m\n          \u001b[36m<button\u001b[39m\n            \u001b[33mclass\u001b[39m=\u001b[32m\"px-10 py-5 rounded-[2.5rem] flex items-center gap-4 transition-all duration-700 italic border-2 text-slate-700 border-transparent hover:text-white hover:bg-white/5\"\u001b[39m\n          \u001b[36m>\u001b[39m\n            \u001b[36m<span\u001b[39m\n              \u001b[33mdata-testid\u001b[39m=\u001b[32m\"icon-barchart3\"\u001b[39m\n              \u001b[33msize\u001b[39m=\u001b[32m\"20\"\u001b[39m\n            \u001b[36m/>\u001b[39m\n            \u001b[36m<span\u001b[39m\n              \u001b[33mclass\u001b[39m=\u001b[32m\"text-[10px] font-black uppercase tracking-[0.3em]\"\u001b[39m\n            \u001b[36m>\u001b[39m\n              \u001b[0mVISUAL_VECTOR\u001b[0m\n            \u001b[36m</span>\u001b[39m\n          \u001b[36m</button>\u001b[39m\n          \u001b[36m<div\u001b[39m\n            \u001b[33mclass\u001b[39m=\u001b[32m\"w-px h-10 bg-white/5 mx-2 self-center\"\u001b[39m\n          \u001b[3..."],"location":{"line":163,"column":27}},{"ancestorTitles":["","AnalyticsView"],"fullName":" AnalyticsView повинен перемикатися на візуальну аналітику","status":"failed","title":"повинен перемикатися на візуальну аналітику","duration":31,"failureMessages":["Unable to find an element with the text: /ВІЗУАЛЬНА АНАЛІТИКА/i. This could be because the text is broken up by multiple elements. In this case, you can provide a function for your text matcher to make your matcher more flexible.\n\nIgnored nodes: comments, script, style\n\u001b[36m<body>\u001b[39m\n  \u001b[36m<div>\u001b[39m\n    \u001b[36m<div\u001b[39m\n      \u001b[33mclass\u001b[39m=\u001b[32m\"min-h-screen flex flex-col p-12 gap-12 relative z-10 animate-in fade-in duration-1000 bg-[#020202]\"\u001b[39m\n    \u001b[36m>\u001b[39m\n      \u001b[36m<div\u001b[39m\n        \u001b[33mdata-testid\u001b[39m=\u001b[32m\"advanced-bg\"\u001b[39m\n      \u001b[36m/>\u001b[39m\n      \u001b[36m<div\u001b[39m\n        \u001b[33mclass\u001b[39m=\u001b[32m\"absolute inset-0 bg-[radial-gradient(ellipse_at_top,rgba(212,175,55,0.05),transparent_70%)] pointer-events-none\"\u001b[39m\n      \u001b[36m/>\u001b[39m\n      \u001b[36m<div\u001b[39m\n        \u001b[33mdata-testid\u001b[39m=\u001b[32m\"view-header\"\u001b[39m\n      \u001b[36m>\u001b[39m\n        \u001b[36m<h3>\u001b[39m\n          \u001b[36m<div\u001b[39m\n            \u001b[33mclass\u001b[39m=\u001b[32m\"flex items-center gap-10\"\u001b[39m\n          \u001b[36m>\u001b[39m\n            \u001b[36m<div\u001b[39m\n              \u001b[33mclass\u001b[39m=\u001b[32m\"relative group\"\u001b[39m\n            \u001b[36m>\u001b[39m\n              \u001b[36m<div\u001b[39m\n                \u001b[33mclass\u001b[39m=\u001b[32m\"absolute inset-0 bg-yellow-500/20 blur-3xl rounded-full scale-150 animate-pulse\"\u001b[39m\n              \u001b[36m/>\u001b[39m\n              \u001b[36m<div\u001b[39m\n                \u001b[33mclass\u001b[39m=\u001b[32m\"relative p-7 bg-black border-2 border-yellow-500/40 rounded-[2.5rem] shadow-4xl transform rotate-2 hover:rotate-0 transition-all\"\u001b[39m\n              \u001b[36m>\u001b[39m\n                \u001b[36m<span\u001b[39m\n                  \u001b[33mclass\u001b[39m=\u001b[32m\"text-yellow-500 shadow-[0_0_20px_#d4af37]\"\u001b[39m\n                  \u001b[33mdata-testid\u001b[39m=\u001b[32m\"icon-network\"\u001b[39m\n                  \u001b[33msize\u001b[39m=\u001b[32m\"42\"\u001b[39m\n                \u001b[36m/>\u001b[39m\n              \u001b[36m</div>\u001b[39m\n            \u001b[36m</div>\u001b[39m\n            \u001b[36m<div\u001b[39m\n              \u001b[33mclass\u001b[39m=\u001b[32m\"space-y-2\"\u001b[39m\n            \u001b[36m>\u001b[39m\n              \u001b[36m<div\u001b[39m\n                \u001b[33mclass\u001b[39m=\u001b[32m\"flex items-center gap-4\"\u001b[39m\n              \u001b[36m>\u001b[39m\n                \u001b[36m<span\u001b[39m\n                  \u001b[33mclass\u001b[39m=\u001b[32m\"bg-yellow-500/10 border border-yellow-500/20 text-yellow-500 px-4 py-1 text-[10px] font-black tracking-[0.4em] uppercase italic rounded-lg\"\u001b[39m\n                \u001b[36m>\u001b[39m\n                  \u001b[0mSEMANTIC_CORE // RADAR_ARRAY\u001b[0m\n                \u001b[36m</span>\u001b[39m\n                \u001b[36m<div\u001b[39m\n                  \u001b[33mclass\u001b[39m=\u001b[32m\"h-px w-12 bg-yellow-500/20\"\u001b[39m\n                \u001b[36m/>\u001b[39m\n                \u001b[36m<span\u001b[39m\n                  \u001b[33mclass\u001b[39m=\u001b[32m\"text-[10px] font-black text-yellow-800 font-mono tracking-widest uppercase italic shadow-sm\"\u001b[39m\n                \u001b[36m>\u001b[39m\n                  \u001b[0mv56.5-ELITE\u001b[0m\n                \u001b[36m</span>\u001b[39m\n              \u001b[36m</div>\u001b[39m\n              \u001b[36m<h1\u001b[39m\n                \u001b[33mclass\u001b[39m=\u001b[32m\"text-6xl font-black text-white tracking-tighter uppercase italic skew-x-[-3deg] leading-none\"\u001b[39m\n              \u001b[36m>\u001b[39m\n                \u001b[0mСЕМАНТИЧНИЙ \u001b[0m\n                \u001b[36m<span\u001b[39m\n                  \u001b[33mclass\u001b[39m=\u001b[32m\"text-yellow-500 underline decoration-yellow-600/30 decoration-[14px] underline-offset-[12px] italic uppercase tracking-tighter\"\u001b[39m\n                \u001b[36m>\u001b[39m\n                  \u001b[0mРАДАР\u001b[0m\n                \u001b[36m</span>\u001b[39m\n              \u001b[36m</h1>\u001b[39m\n            \u001b[36m</div>\u001b[39m\n          \u001b[36m</div>\u001b[39m\n        \u001b[36m</h3>\u001b[39m\n        \u001b[36m<div>\u001b[39m\n          \u001b[0mТОПО_ВУЗЛІВ\u001b[0m\n          \u001b[0m: \u001b[0m\n          \u001b[0m...\u001b[0m\n        \u001b[36m</div>\u001b[39m\n        \u001b[36m<div>\u001b[39m\n          \u001b[0mАКТИВНІ_ЗВ'ЯЗКИ\u001b[0m\n          \u001b[0m: \u001b[0m\n          \u001b[0m...\u001b[0m\n        \u001b[36m</div>\u001b[39m\n        \u001b[36m<div>\u001b[39m\n          \u001b[0mFIDELITY_INDEX\u001b[0m\n          \u001b[0m: \u001b[0m\n          \u001b[0m98.8%\u001b[0m\n        \u001b[36m</div>\u001b[39m\n      \u001b[36m</div>\u001b[39m\n      \u001b[36m<div\u001b[39m\n        \u001b[33mclass\u001b[39m=\u001b[32m\"flex flex-col xl:flex-row gap-8 items-center z-20\"\u001b[39m\n      \u001b[36m>\u001b[39m\n        \u001b[36m<div\u001b[39m\n          \u001b[33mclass\u001b[39m=\u001b[32m\"relative flex-1 group w-full\"\u001b[39m\n        \u001b[36m>\u001b[39m\n          \u001b[36m<input\u001b[39m\n            \u001b[33mclass\u001b[39m=\u001b[32m\"w-full pl-20 pr-48 py-8 bg-black border-2 border-white/5 rounded-[3rem] text-white placeholder-slate-800 focus:border-yellow-500/40 focus:ring-8 focus:ring-yellow-500/5 transition-all font-black italic text-lg backdrop-blur-3xl shadow-4xl tracking-tight\"\u001b[39m\n            \u001b[33mplaceholder\u001b[39m=\u001b[32m\"Пошук компанії, особи або схем...\"\u001b[39m\n            \u001b[33mtype\u001b[39m=\u001b[32m\"text\"\u001b[39m\n            \u001b[33mvalue\u001b[39m=\u001b[32m\"\"\u001b[39m\n          \u001b[36m/>\u001b[39m\n          \u001b[36m<span\u001b[39m\n            \u001b[33mclass\u001b[39m=\u001b[32m\"absolute left-8 top-1/2 -translate-y-1/2 text-slate-800 group-focus-within:text-yellow-500 transition-colors\"\u001b[39m\n            \u001b[33mdata-testid\u001b[39m=\u001b[32m\"icon-search\"\u001b[39m\n            \u001b[33msize\u001b[39m=\u001b[32m\"32\"\u001b[39m\n          \u001b[36m/>\u001b[39m\n          \u001b[36m<div\u001b[39m\n            \u001b[33mclass\u001b[39m=\u001b[32m\"absolute right-4 top-3 bottom-3 flex items-center gap-4\"\u001b[39m\n          \u001b[36m>\u001b[39m\n            \u001b[36m<button\u001b[39m\n              \u001b[33mclass\u001b[39m=\u001b[32m\"px-12 h-full bg-gradient-to-r from-yellow-600 to-yellow-500 hover:from-yellow-500 hover:to-yellow-400 text-black rounded-[2rem] transition-all font-black text-[12px] uppercase tracking-[0.4em] italic flex items-center gap-4 shadow-4xl border-2 border-yellow-400/20\"\u001b[39m\n            \u001b[36m>\u001b[39m\n              \u001b[36m<span\u001b[39m\n                \u001b[33mclass\u001b[39m=\u001b[32m\"animate-spin\"\u001b[39m\n                \u001b[33mdata-testid\u001b[39m=\u001b[32m\"icon-activity\"\u001b[39m\n                \u001b[33msize\u001b[39m=\u001b[32m\"20\"\u001b[39m\n              \u001b[36m/>\u001b[39m\n            \u001b[36m</button>\u001b[39m\n          \u001b[36m</div>\u001b[39m\n        \u001b[36m</div>\u001b[39m\n        \u001b[36m<div\u001b[39m\n          \u001b[33mclass\u001b[39m=\u001b[32m\"flex gap-6 p-3 bg-black border-2 border-white/5 rounded-[4rem] backdrop-blur-3xl shadow-4xl\"\u001b[39m\n        \u001b[36m>\u001b[39m\n          \u001b[36m<button\u001b[39m\n            \u001b[33mclass\u001b[39m=\u001b[32m\"px-10 py-5 rounded-[2.5rem] flex items-center gap-4 transition-all duration-700 italic border-2 bg-yellow-600 border-yellow-500 text-white shadow-4xl scale-105\"\u001b[39m\n          \u001b[36m>\u001b[39m\n            \u001b[36m<span\u001b[39m\n              \u001b[33mdata-testid\u001b[39m=\u001b[32m\"icon-network\"\u001b[39m\n              \u001b[33msize\u001b[39m=\u001b[32m\"20\"\u001b[39m\n            \u001b[36m/>\u001b[39m\n            \u001b[36m<span\u001b[39m\n              \u001b[33mclass\u001b[39m=\u001b[32m\"text-[10px] font-black uppercase tracking-[0.3em]\"\u001b[39m\n            \u001b[36m>\u001b[39m\n              \u001b[0mRADAR_ARRAY\u001b[0m\n            \u001b[36m</span>\u001b[39m\n          \u001b[36m</button>\u001b[39m\n          \u001b[36m<button\u001b[39m\n            \u001b[33mclass\u001b[39m=\u001b[32m\"px-10 py-5 rounded-[2.5rem] flex items-center gap-4 transition-all duration-700 italic border-2 text-slate-700 border-transparent hover:text-white hover:bg-white/5\"\u001b[39m\n          \u001b[36m>\u001b[39m\n            \u001b[36m<span\u001b[39m\n              \u001b[33mdata-testid\u001b[39m=\u001b[32m\"icon-barchart3\"\u001b[39m\n              \u001b[33msize\u001b[39m=\u001b[32m\"20\"\u001b[39m\n            \u001b[36m/>\u001b[39m\n            \u001b[36m<span\u001b[39m\n              \u001b[33mclass\u001b[39m=\u001b[32m\"text-[10px] font-black uppercase tracking-[0.3em]\"\u001b[39m\n            \u001b[36m>\u001b[39m\n              \u001b[0mVISUAL_VECTOR\u001b[0m\n            \u001b[36m</span>\u001b[39m\n          \u001b[36m</button>\u001b[39m\n          \u001b[36m<div\u001b[39m\n            \u001b[33mclass\u001b[39m=\u001b[32m\"w-px h-10 bg-white/5 mx-2 self-cen..."],"location":{"line":37,"column":19}},{"ancestorTitles":["","AnalyticsView"],"fullName":" AnalyticsView повинен відображати HUD об'єкта за замовчуванням при старті","status":"passed","title":"повинен відображати HUD об'єкта за замовчуванням при старті","duration":69,"failureMessages":[]}],"startTime":1776358194809,"endTime":1776358196838,"status":"failed","message":"","name":"/Users/Shared/Predator_60/apps/predator-analytics-ui/src/features/intelligence/__tests__/AnalyticsView.test.tsx"},{"assertionResults":[{"ancestorTitles":["","CasesView"],"fullName":" CasesView повинен успішно завантажувати та відображати список кейсів","status":"passed","title":"повинен успішно завантажувати та відображати список кейсів","duration":676,"failureMessages":[]},{"ancestorTitles":["","CasesView"],"fullName":" CasesView повинен фільтрувати кейси за статусом","status":"passed","title":"повинен фільтрувати кейси за статусом","duration":172,"failureMessages":[]},{"ancestorTitles":["","CasesView"],"fullName":" CasesView повинен фільтрувати кейси за пошуковим запитом","status":"failed","title":"повинен фільтрувати кейси за пошуковим запитом","duration":57,"failureMessages":["Unable to find an element with the placeholder text of: /Пошук кейсів/i\n\nIgnored nodes: comments, script, style\n\u001b[36m<body>\u001b[39m\n  \u001b[36m<div>\u001b[39m\n    \u001b[36m<div\u001b[39m\n      \u001b[33mclass\u001b[39m=\u001b[32m\"w-full h-full min-h-screen \"\u001b[39m\n      \u001b[33mstyle\u001b[39m=\u001b[32m\"opacity: 0.08634188686846755; filter: blur(9.13658px); transform: translateX(16.44089854467893px);\"\u001b[39m\n    \u001b[36m>\u001b[39m\n      \u001b[36m<div\u001b[39m\n        \u001b[33mclass\u001b[39m=\u001b[32m\"fixed inset-0 pointer-events-none z-50 opacity-[0.03] overflow-hidden\"\u001b[39m\n      \u001b[36m>\u001b[39m\n        \u001b[36m<div\u001b[39m\n          \u001b[33mclass\u001b[39m=\u001b[32m\"absolute inset-0 bg-[linear-gradient(rgba(18,16,16,0)_50%,rgba(0,0,0,0.25)_50%),linear-gradient(90deg,rgba(255,0,0,0.06),rgba(0,255,0,0.02),rgba(0,0,255,0.06))] z-2 bg-[length:100%_2px,3px_100%]\"\u001b[39m\n        \u001b[36m/>\u001b[39m\n      \u001b[36m</div>\u001b[39m\n      \u001b[36m<div\u001b[39m\n        \u001b[33mclass\u001b[39m=\u001b[32m\"min-h-screen bg-[#020202] text-slate-200 relative overflow-hidden font-sans pb-40 px-4 xl:px-8\"\u001b[39m\n      \u001b[36m>\u001b[39m\n        \u001b[36m<div\u001b[39m\n          \u001b[33mdata-testid\u001b[39m=\u001b[32m\"advanced-bg\"\u001b[39m\n        \u001b[36m/>\u001b[39m\n        \u001b[36m<div\u001b[39m\n          \u001b[33mclass\u001b[39m=\u001b[32m\"fixed inset-0 pointer-events-none z-[-1] \"\u001b[39m\n          \u001b[33mstyle\u001b[39m=\u001b[32m\"opacity: 0.2; color: rgba(212, 175, 55, 0.04);\"\u001b[39m\n        \u001b[36m>\u001b[39m\n          \u001b[36m<div\u001b[39m\n            \u001b[33mclass\u001b[39m=\u001b[32m\"absolute inset-0 bg-[linear-gradient(to_right,currentColor_1px,transparent_1px),linear-gradient(to_bottom,currentColor_1px,transparent_1px)] bg-[size:40px_40px] [mask-image:radial-gradient(ellipse_60%_50%_at_50%_50%,#000_70%,transparent_100%)]\"\u001b[39m\n            \u001b[33mstyle\u001b[39m=\u001b[32m\"color: rgba(212, 175, 55, 0.04);\"\u001b[39m\n          \u001b[36m/>\u001b[39m\n          \u001b[36m<div\u001b[39m\n            \u001b[33mclass\u001b[39m=\u001b[32m\"absolute inset-0 bg-gradient-to-b from-transparent via-current to-transparent h-20 w-full animate-scanline-fast opacity-10\"\u001b[39m\n          \u001b[36m/>\u001b[39m\n          \u001b[36m<div\u001b[39m\n            \u001b[33mclass\u001b[39m=\u001b[32m\"absolute inset-0 bg-[radial-gradient(circle_at_center,transparent_0%,var(--op-bg)_100%)] opacity-80 mix-blend-multiply\"\u001b[39m\n          \u001b[36m/>\u001b[39m\n        \u001b[36m</div>\u001b[39m\n        \u001b[36m<div\u001b[39m\n          \u001b[33mclass\u001b[39m=\u001b[32m\"absolute inset-0 bg-[radial-gradient(ellipse_at_top,rgba(212,175,55,0.03),transparent_70%)] pointer-events-none\"\u001b[39m\n        \u001b[36m/>\u001b[39m\n        \u001b[36m<div\u001b[39m\n          \u001b[33mclass\u001b[39m=\u001b[32m\"relative z-10 max-w-[1850px] mx-auto space-y-12 pt-12\"\u001b[39m\n        \u001b[36m>\u001b[39m\n          \u001b[36m<div\u001b[39m\n            \u001b[33mdata-testid\u001b[39m=\u001b[32m\"view-header\"\u001b[39m\n          \u001b[36m>\u001b[39m\n            \u001b[36m<h1>\u001b[39m\n              \u001b[36m<div\u001b[39m\n                \u001b[33mclass\u001b[39m=\u001b[32m\"flex items-center gap-8\"\u001b[39m\n              \u001b[36m>\u001b[39m\n                \u001b[36m<div\u001b[39m\n                  \u001b[33mclass\u001b[39m=\u001b[32m\"relative group\"\u001b[39m\n                \u001b[36m>\u001b[39m\n                  \u001b[36m<div\u001b[39m\n                    \u001b[33mclass\u001b[39m=\u001b[32m\"absolute inset-0 bg-blue-500/20 blur-[60px] rounded-full scale-150 animate-pulse\"\u001b[39m\n                  \u001b[36m/>\u001b[39m\n                  \u001b[36m<div\u001b[39m\n                    \u001b[33mclass\u001b[39m=\u001b[32m\"relative p-6 bg-black border-2 border-blue-500/40 rounded-[2rem] shadow-2xl transform -rotate-2 hover:rotate-0 transition-all duration-700\"\u001b[39m\n                  \u001b[36m>\u001b[39m\n                    \u001b[36m<svg\u001b[39m\n                      \u001b[33mclass\u001b[39m=\u001b[32m\"lucide lucide-briefcase text-blue-500\"\u001b[39m\n                      \u001b[33mfill\u001b[39m=\u001b[32m\"none\"\u001b[39m\n                      \u001b[33mheight\u001b[39m=\u001b[32m\"32\"\u001b[39m\n                      \u001b[33mstroke\u001b[39m=\u001b[32m\"currentColor\"\u001b[39m\n                      \u001b[33mstroke-linecap\u001b[39m=\u001b[32m\"round\"\u001b[39m\n                      \u001b[33mstroke-linejoin\u001b[39m=\u001b[32m\"round\"\u001b[39m\n                      \u001b[33mstroke-width\u001b[39m=\u001b[32m\"2\"\u001b[39m\n                      \u001b[33mviewBox\u001b[39m=\u001b[32m\"0 0 24 24\"\u001b[39m\n                      \u001b[33mwidth\u001b[39m=\u001b[32m\"32\"\u001b[39m\n                      \u001b[33mxmlns\u001b[39m=\u001b[32m\"http://www.w3.org/2000/svg\"\u001b[39m\n                    \u001b[36m>\u001b[39m\n                      \u001b[36m<rect\u001b[39m\n                        \u001b[33mheight\u001b[39m=\u001b[32m\"14\"\u001b[39m\n                        \u001b[33mrx\u001b[39m=\u001b[32m\"2\"\u001b[39m\n                        \u001b[33mry\u001b[39m=\u001b[32m\"2\"\u001b[39m\n                        \u001b[33mwidth\u001b[39m=\u001b[32m\"20\"\u001b[39m\n                        \u001b[33mx\u001b[39m=\u001b[32m\"2\"\u001b[39m\n                        \u001b[33my\u001b[39m=\u001b[32m\"7\"\u001b[39m\n                      \u001b[36m/>\u001b[39m\n                      \u001b[36m<path\u001b[39m\n                        \u001b[33md\u001b[39m=\u001b[32m\"M16 21V5a2 2 0 0 0-2-2h-4a2 2 0 0 0-2 2v16\"\u001b[39m\n                      \u001b[36m/>\u001b[39m\n                    \u001b[36m</svg>\u001b[39m\n                  \u001b[36m</div>\u001b[39m\n                \u001b[36m</div>\u001b[39m\n                \u001b[36m<div>\u001b[39m\n                  \u001b[36m<div\u001b[39m\n                    \u001b[33mclass\u001b[39m=\u001b[32m\"flex items-center gap-4 mb-2\"\u001b[39m\n                  \u001b[36m>\u001b[39m\n                    \u001b[36m<span\u001b[39m\n                      \u001b[33mclass\u001b[39m=\u001b[32m\"bg-blue-500/10 border border-blue-500/20 text-blue-400 px-4 py-1 text-[9px] font-black tracking-[0.3em] uppercase italic rounded-lg\"\u001b[39m\n                    \u001b[36m>\u001b[39m\n                      \u001b[0mINSPECT_OPS // ТЕРМІНАЛ КЕЙСІВ\u001b[0m\n                    \u001b[36m</span>\u001b[39m\n                    \u001b[36m<span\u001b[39m\n                      \u001b[33mclass\u001b[39m=\u001b[32m\"text-[10px] font-black text-blue-900 italic tracking-widest uppercase shadow-sm\"\u001b[39m\n                    \u001b[36m>\u001b[39m\n                      \u001b[0mv56.5-ELITE\u001b[0m\n                    \u001b[36m</span>\u001b[39m\n                  \u001b[36m</div>\u001b[39m\n                  \u001b[36m<h1\u001b[39m\n                    \u001b[33mclass\u001b[39m=\u001b[32m\"text-5xl font-black text-white tracking-tighter uppercase italic skew-x-[-3deg] leading-none\"\u001b[39m\n                  \u001b[36m>\u001b[39m\n                    \u001b[0mУПРАВЛІННЯ\u001b[0m\n                    \u001b[0m \u001b[0m\n                    \u001b[36m<span\u001b[39m\n                      \u001b[33mclass\u001b[39m=\u001b[32m\"text-blue-500\"\u001b[39m\n                    \u001b[36m>\u001b[39m\n                      \u001b[0mQUEUE\u001b[0m\n                    \u001b[36m</span>\u001b[39m\n                  \u001b[36m</h1>\u001b[39m\n                \u001b[36m</div>\u001b[39m\n              \u001b[36m</div>\u001b[39m\n            \u001b[36m</h1>\u001b[39m\n            \u001b[36m<div\u001b[39m\n              \u001b[33mdata-testid\u001b[39m=\u001b[32m\"header-stats\"\u001b[39m\n            \u001b[36m>\u001b[39m\n              \u001b[0m3\u001b[0m\n              \u001b[0m stats\u001b[0m\n            \u001b[36m</div>\u001b[39m\n            \u001b[36m<div\u001b[39m\n              \u001b[33mdata-testid\u001b[39m=\u001b[32m\"header-actions\"\u001b[39m\n            \u001b[36m>\u001b[39m\n              \u001b[36m<button\u001b[39m\n                \u001b[33mclass\u001b[39m=\u001b[32m\"group relative px-10 py-5 overflow-hidden rounded-[1.8rem]\"\u001b[39m\n              \u001b[36m>\u001b[39m\n                \u001b[36m<div\u001b[39m\n                  \u001b[33mclass\u001b[39m=\u001b[32m\"absolute inset-0 bg-gradient-to-r from-blue-700 to-blue-500 transition-transform duration-500 group-hover:scale-105\"\u001b[39m\n                \u001b[36m/>\u001b[39m\n                \u001b[36m<div\u001b[39m\n                  \u001b[33mclass\u001b[39m=\u001b[32m\"relative flex items-center gap-4 text-white font-black uppercase italic tracking-[0.2em] text-[11px]\"\u001b[39m\n                \u001b[36m>\u001b[39m\n                  \u001b[36m<svg\u001b[39m\n                    \u001b[33mclass\u001b[39m=\u001b[32m\"lucide lucide-plus \"\u001b[39m\n                 ..."],"location":{"line":37,"column":19}},{"ancestorTitles":["","CasesView"],"fullName":" CasesView повинен відкривати модальне вікно деталей при перегляді кейсу","status":"passed","title":"повинен відкривати модальне вікно деталей при перегляді кейсу","duration":69,"failureMessages":[]},{"ancestorTitles":["","CasesView"],"fullName":" CasesView повинен відкривати модальне вікно створення нового кейсу","status":"failed","title":"повинен відкривати модальне вікно створення нового кейсу","duration":70,"failureMessages":["Unable to find an element with the text: /Новий Кейс/i. This could be because the text is broken up by multiple elements. In this case, you can provide a function for your text matcher to make your matcher more flexible.\n\nIgnored nodes: comments, script, style\n\u001b[36m<body>\u001b[39m\n  \u001b[36m<div>\u001b[39m\n    \u001b[36m<div\u001b[39m\n      \u001b[33mclass\u001b[39m=\u001b[32m\"w-full h-full min-h-screen \"\u001b[39m\n      \u001b[33mstyle\u001b[39m=\u001b[32m\"opacity: 0; filter: blur(10px); transform: translateX(20px);\"\u001b[39m\n    \u001b[36m>\u001b[39m\n      \u001b[36m<div\u001b[39m\n        \u001b[33mclass\u001b[39m=\u001b[32m\"fixed inset-0 pointer-events-none z-50 opacity-[0.03] overflow-hidden\"\u001b[39m\n      \u001b[36m>\u001b[39m\n        \u001b[36m<div\u001b[39m\n          \u001b[33mclass\u001b[39m=\u001b[32m\"absolute inset-0 bg-[linear-gradient(rgba(18,16,16,0)_50%,rgba(0,0,0,0.25)_50%),linear-gradient(90deg,rgba(255,0,0,0.06),rgba(0,255,0,0.02),rgba(0,0,255,0.06))] z-2 bg-[length:100%_2px,3px_100%]\"\u001b[39m\n        \u001b[36m/>\u001b[39m\n      \u001b[36m</div>\u001b[39m\n      \u001b[36m<div\u001b[39m\n        \u001b[33mclass\u001b[39m=\u001b[32m\"min-h-screen bg-[#020202] text-slate-200 relative overflow-hidden font-sans pb-40 px-4 xl:px-8\"\u001b[39m\n      \u001b[36m>\u001b[39m\n        \u001b[36m<div\u001b[39m\n          \u001b[33mdata-testid\u001b[39m=\u001b[32m\"advanced-bg\"\u001b[39m\n        \u001b[36m/>\u001b[39m\n        \u001b[36m<div\u001b[39m\n          \u001b[33mclass\u001b[39m=\u001b[32m\"fixed inset-0 pointer-events-none z-[-1] \"\u001b[39m\n          \u001b[33mstyle\u001b[39m=\u001b[32m\"opacity: 0.2; color: rgba(212, 175, 55, 0.04);\"\u001b[39m\n        \u001b[36m>\u001b[39m\n          \u001b[36m<div\u001b[39m\n            \u001b[33mclass\u001b[39m=\u001b[32m\"absolute inset-0 bg-[linear-gradient(to_right,currentColor_1px,transparent_1px),linear-gradient(to_bottom,currentColor_1px,transparent_1px)] bg-[size:40px_40px] [mask-image:radial-gradient(ellipse_60%_50%_at_50%_50%,#000_70%,transparent_100%)]\"\u001b[39m\n            \u001b[33mstyle\u001b[39m=\u001b[32m\"color: rgba(212, 175, 55, 0.04);\"\u001b[39m\n          \u001b[36m/>\u001b[39m\n          \u001b[36m<div\u001b[39m\n            \u001b[33mclass\u001b[39m=\u001b[32m\"absolute inset-0 bg-gradient-to-b from-transparent via-current to-transparent h-20 w-full animate-scanline-fast opacity-10\"\u001b[39m\n          \u001b[36m/>\u001b[39m\n          \u001b[36m<div\u001b[39m\n            \u001b[33mclass\u001b[39m=\u001b[32m\"absolute inset-0 bg-[radial-gradient(circle_at_center,transparent_0%,var(--op-bg)_100%)] opacity-80 mix-blend-multiply\"\u001b[39m\n          \u001b[36m/>\u001b[39m\n        \u001b[36m</div>\u001b[39m\n        \u001b[36m<div\u001b[39m\n          \u001b[33mclass\u001b[39m=\u001b[32m\"absolute inset-0 bg-[radial-gradient(ellipse_at_top,rgba(212,175,55,0.03),transparent_70%)] pointer-events-none\"\u001b[39m\n        \u001b[36m/>\u001b[39m\n        \u001b[36m<div\u001b[39m\n          \u001b[33mclass\u001b[39m=\u001b[32m\"relative z-10 max-w-[1850px] mx-auto space-y-12 pt-12\"\u001b[39m\n        \u001b[36m>\u001b[39m\n          \u001b[36m<div\u001b[39m\n            \u001b[33mdata-testid\u001b[39m=\u001b[32m\"view-header\"\u001b[39m\n          \u001b[36m>\u001b[39m\n            \u001b[36m<h1>\u001b[39m\n              \u001b[36m<div\u001b[39m\n                \u001b[33mclass\u001b[39m=\u001b[32m\"flex items-center gap-8\"\u001b[39m\n              \u001b[36m>\u001b[39m\n                \u001b[36m<div\u001b[39m\n                  \u001b[33mclass\u001b[39m=\u001b[32m\"relative group\"\u001b[39m\n                \u001b[36m>\u001b[39m\n                  \u001b[36m<div\u001b[39m\n                    \u001b[33mclass\u001b[39m=\u001b[32m\"absolute inset-0 bg-blue-500/20 blur-[60px] rounded-full scale-150 animate-pulse\"\u001b[39m\n                  \u001b[36m/>\u001b[39m\n                  \u001b[36m<div\u001b[39m\n                    \u001b[33mclass\u001b[39m=\u001b[32m\"relative p-6 bg-black border-2 border-blue-500/40 rounded-[2rem] shadow-2xl transform -rotate-2 hover:rotate-0 transition-all duration-700\"\u001b[39m\n                  \u001b[36m>\u001b[39m\n                    \u001b[36m<svg\u001b[39m\n                      \u001b[33mclass\u001b[39m=\u001b[32m\"lucide lucide-briefcase text-blue-500\"\u001b[39m\n                      \u001b[33mfill\u001b[39m=\u001b[32m\"none\"\u001b[39m\n                      \u001b[33mheight\u001b[39m=\u001b[32m\"32\"\u001b[39m\n                      \u001b[33mstroke\u001b[39m=\u001b[32m\"currentColor\"\u001b[39m\n                      \u001b[33mstroke-linecap\u001b[39m=\u001b[32m\"round\"\u001b[39m\n                      \u001b[33mstroke-linejoin\u001b[39m=\u001b[32m\"round\"\u001b[39m\n                      \u001b[33mstroke-width\u001b[39m=\u001b[32m\"2\"\u001b[39m\n                      \u001b[33mviewBox\u001b[39m=\u001b[32m\"0 0 24 24\"\u001b[39m\n                      \u001b[33mwidth\u001b[39m=\u001b[32m\"32\"\u001b[39m\n                      \u001b[33mxmlns\u001b[39m=\u001b[32m\"http://www.w3.org/2000/svg\"\u001b[39m\n                    \u001b[36m>\u001b[39m\n                      \u001b[36m<rect\u001b[39m\n                        \u001b[33mheight\u001b[39m=\u001b[32m\"14\"\u001b[39m\n                        \u001b[33mrx\u001b[39m=\u001b[32m\"2\"\u001b[39m\n                        \u001b[33mry\u001b[39m=\u001b[32m\"2\"\u001b[39m\n                        \u001b[33mwidth\u001b[39m=\u001b[32m\"20\"\u001b[39m\n                        \u001b[33mx\u001b[39m=\u001b[32m\"2\"\u001b[39m\n                        \u001b[33my\u001b[39m=\u001b[32m\"7\"\u001b[39m\n                      \u001b[36m/>\u001b[39m\n                      \u001b[36m<path\u001b[39m\n                        \u001b[33md\u001b[39m=\u001b[32m\"M16 21V5a2 2 0 0 0-2-2h-4a2 2 0 0 0-2 2v16\"\u001b[39m\n                      \u001b[36m/>\u001b[39m\n                    \u001b[36m</svg>\u001b[39m\n                  \u001b[36m</div>\u001b[39m\n                \u001b[36m</div>\u001b[39m\n                \u001b[36m<div>\u001b[39m\n                  \u001b[36m<div\u001b[39m\n                    \u001b[33mclass\u001b[39m=\u001b[32m\"flex items-center gap-4 mb-2\"\u001b[39m\n                  \u001b[36m>\u001b[39m\n                    \u001b[36m<span\u001b[39m\n                      \u001b[33mclass\u001b[39m=\u001b[32m\"bg-blue-500/10 border border-blue-500/20 text-blue-400 px-4 py-1 text-[9px] font-black tracking-[0.3em] uppercase italic rounded-lg\"\u001b[39m\n                    \u001b[36m>\u001b[39m\n                      \u001b[0mINSPECT_OPS // ТЕРМІНАЛ КЕЙСІВ\u001b[0m\n                    \u001b[36m</span>\u001b[39m\n                    \u001b[36m<span\u001b[39m\n                      \u001b[33mclass\u001b[39m=\u001b[32m\"text-[10px] font-black text-blue-900 italic tracking-widest uppercase shadow-sm\"\u001b[39m\n                    \u001b[36m>\u001b[39m\n                      \u001b[0mv56.5-ELITE\u001b[0m\n                    \u001b[36m</span>\u001b[39m\n                  \u001b[36m</div>\u001b[39m\n                  \u001b[36m<h1\u001b[39m\n                    \u001b[33mclass\u001b[39m=\u001b[32m\"text-5xl font-black text-white tracking-tighter uppercase italic skew-x-[-3deg] leading-none\"\u001b[39m\n                  \u001b[36m>\u001b[39m\n                    \u001b[0mУПРАВЛІННЯ\u001b[0m\n                    \u001b[0m \u001b[0m\n                    \u001b[36m<span\u001b[39m\n                      \u001b[33mclass\u001b[39m=\u001b[32m\"text-blue-500\"\u001b[39m\n                    \u001b[36m>\u001b[39m\n                      \u001b[0mQUEUE\u001b[0m\n                    \u001b[36m</span>\u001b[39m\n                  \u001b[36m</h1>\u001b[39m\n                \u001b[36m</div>\u001b[39m\n              \u001b[36m</div>\u001b[39m\n            \u001b[36m</h1>\u001b[39m\n            \u001b[36m<div\u001b[39m\n              \u001b[33mdata-testid\u001b[39m=\u001b[32m\"header-stats\"\u001b[39m\n            \u001b[36m>\u001b[39m\n              \u001b[0m3\u001b[0m\n              \u001b[0m stats\u001b[0m\n            \u001b[36m</div>\u001b[39m\n            \u001b[36m<div\u001b[39m\n              \u001b[33mdata-testid\u001b[39m=\u001b[32m\"header-actions\"\u001b[39m\n            \u001b[36m>\u001b[39m\n              \u001b[36m<button\u001b[39m\n                \u001b[33mclass\u001b[39m=\u001b[32m\"group relative px-10 py-5 overflow-hidden rounded-[1.8rem]\"\u001b[39m\n              \u001b[36m>\u001b[39m\n                \u001b[36m<div\u001b[39m\n                  \u001b[33mclass\u001b[39m=\u001b[32m\"absolute inset-0 bg-gradient-to-r from-blue-700 to-blue-500 transition-transform duration-500 group-hover:scale-105\"\u001b[39m\n                \u001b[36m/>\u001b[39m\n                \u001b[36m<div\u001b[39m\n                  \u001b[33mclass\u001b[39m=\u001b[32m\"relative flex items-center gap-4 text-white font-black uppercase italic tracking-[0.2em] text-[11px]\"\u001b[39m\n                \u001b[36m>\u001b[39m\n                  \u001b[36m<svg\u001b[39m\n                    \u001b[33mclass\u001b[39m=\u001b[32m\"lucide lucide-plus \"\u001b[39m\n                    \u001b[33mfill\u001b[39m=\u001b[32m\"none\"\u001b[39m\n                    \u001b[33mheight\u001b[39m=\u001b[32m\"20\"\u001b[39m\n                    \u001b[33mstroke\u001b[39m=\u001b[32m\"currentColor\"\u001b[39m\n                    \u001b[33mstroke-linecap\u001b[39m=\u001b[32m\"round\"\u001b[39m\n                    \u001b[33mstroke-linejoin\u001b[39m=\u001b[32m\"round\"\u001b[39m\n                    \u001b[33mstroke-width\u001b[39m=\u001b[32m\"2\"\u001b[39m\n                    \u001b[33mviewBox\u001b[39m=\u001b[32m\"0 0 24 24\"\u001b[39m\n                    \u001b[33mwidth\u001b[39m=\u001b[32m\"20\"\u001b[39m\n                    \u001b[33mxmlns\u001b[39m=\u001b[32m\"http://www.w3.org/2000/svg\"\u001b[39m\n                  \u001b[36m>\u001b[39m\n                    \u001b[36m<path\u001b[39m\n                      \u001b[33md\u001b[39m=\u001b[32m\"M5 12h14\"\u001b[39m\n                    \u001b[36m/>\u001b[39m\n                    \u001b[36m<path\u001b[39m\n                      \u001b[33md\u001b[39m=\u001b[32m\"M12 5v14\"\u001b[39m\n                    \u001b[36m/>\u001b[39m\n                  \u001b[36m</svg>\u001b[39m\n                  \u001b[0m НОВЕ_РОЗСЛІДУВАННЯ\u001b[0m\n                \u001b[36m</div>\u001b[39m\n                \u001b[36m<div\u001b[39m\n                  \u001b[33mclass\u001b[39m=\u001b[32m\"absolute inset-0 bg-white/20 translate-x-[-100%] group-hover:translate-x-[100%] transition-transform duration-1000\"\u001b[39m\n                \u001b[36m/>\u001b[39m\n              \u001b[36m</button>\u001b[39m\n            \u001b[36m</div>\u001b[39m\n          \u001b[36m</div>\u001b[39m\n          \u001b[36m<div\u001b[39m\n            \u001b[33mclass\u001b[39m=\u001b[32m\"flex flex-col xl:flex-row gap-8 items-center bg-black/40 p-8 rounded-[3rem] border-2 border-white/[0.03] shadow-4xl backdrop-blur-3xl\"\u001b[39m\n          \u001b[36m>\u001b[39m\n            \u001b[36m<div\u001b[39m\n              \u001b[33mclass\u001b[39m=\u001b[32m\"flex-1 relative group w-full\"\u001b[39m\n            \u001b[36m>\u001b[39m\n              \u001b[36m<svg\u001b[39m\n                \u001b[33mclass\u001b[39m=\u001b[32m\"lucide lucide-search absolute left-8 top-1/2 -translate-y-1/2 text-slate-600 group-focus-within:text-blue-500 transition-colors\"\u001b[39m\n                \u001b[33mfill\u001b[39m=\u001b[32m\"none\"\u001b[39m\n                \u001b[33mheight\u001b[39m=\u001b[32m\"24\"\u001b[39m\n                \u001b[33mstroke\u001b[39m=\u001b[32m\"currentColor\"\u001b[39m\n                \u001b[33mstroke-linecap\u001b[39m=\u001b[32m\"round\"\u001b[39m\n                \u001b[33mstroke-linejoin\u001b[39m=\u001b[32m\"round\"\u001b[39m\n                \u001b[33mstroke-width\u001b[39m=\u001b[32m\"2\"\u001b[39m\n                \u001b[33mviewBox\u001b[39m=\u001b[32m\"0 0 24 24\"\u001b[39m\n                \u001b[33mwidth\u001b[39m=\u001b[32m\"24\"\u001b[39m\n                \u001b[33mxmlns\u001b[39m=\u001b[32m\"http://www.w3.org/2000/svg\"\u001b[39m\n              \u001b[36m>\u001b[39m\n                \u001b[36m<circle\u001b[39m\n                  \u001b[33mcx\u001b[39m=\u001b[32m\"11\"\u001b[39m\n                  \u001b[33mcy\u001b[39m=\u001b[32m\"11\"\u001b[39m\n                  \u001b[33mr\u001b[39m=\u001b[32m\"8\"\u001b[39m\n                \u001b[36m/>\u001b[39m\n                \u001b[36m<path\u001b[39m\n                  \u001b[33md\u001b[39m=\u001b[32m\"m21 21-4.3-4.3\"\u001b[39m\n                \u001b[36m/>\u001b[39m\n              \u001b[36m</svg>\u001b[39m\n              \u001b[36m<input\u001b[39m\n                \u001b[33mclass\u001b[39m=\u001b[32m\"w-full pl-20 pr-10 py-6 bg-black/60 border-2 border-white/[0.04] rounded-[2rem] text-white placeholder-slate-800 focus:outline-none focus:border-blue-500/50 transition-all font-black text-lg italic tracking-tight\"\u001b[39m\n                \u001b[33mplaceholder\u001b[39m=\u001b[32m\"ПОШУК В АРХІВІ ТА АКТИВНИХ КЕЙСАХ...\"\u001b[39m\n                \u001b[33mtype\u001b[39m=\u001b[32m\"text\"\u001b[39m\n                \u001b[33mvalue\u001b[39m=\u001b[32m\"\"\u001b[39m\n              \u001b[36m/>\u001b[39m\n            \u001b[36m</div>\u001b[39m\n            \u001b[36m<div\u001b[39m\n              \u001b[33mclass\u001b[39m=\u001b[32m\"flex gap-4 w-full xl:w-auto\"\u001b[39m\n            \u001b[36m>\u001b[39m\n              \u001b[36m<div\u001b[39m\n                \u001b[33mdata-testid\u001b[39m=\u001b[32m\"case-stats\"\u001b[39m\n              \u001b[36m>\u001b[39m\n                \u001b[36m<button>\u001b[39m\n                  \u001b[0mFilter Critical\u001b[0m\n                \u001b[36m</button>\u001b[39m\n                \u001b[36m<span>\u001b[39m\n                  \u001b[0mActive: \u001b[0m\n                  \u001b[0mALL\u001b[0m\n                \u001b[36m</span>\u001b[39m\n              \u001b[36m</div>\u001b[39m\n              \u001b[36m<button\u001b[39m\n                \u001b[33mclass\u001b[39m=\u001b[32m\"px-8 py-6 bg-white/[0.02] border-2 border-white/[0.05] rounded-[2rem] text-slate-400 font-black text-[10px] uppercase tracking-[0.3em] italic hover:text-white transition-all shadow-xl\"\u001b[39m\n              \u001b[36m>\u001b[39m\n                \u001b[36m<svg\u001b[39m\n                  \u001b[33mclass\u001b[39m=\u001b[32m\"lucide lucide-filter text-blue-500 inline mr-3\"\u001b[39m\n                  \u001b[33mfill\u001b[39m=\u001b[32m\"none\"\u001b[39m\n                  \u001b[33mheight\u001b[39m=\u001b[32m\"18\"\u001b[39m\n                  \u001b[33mstroke\u001b[39m=\u001b[32m\"currentColor\"\u001b[39m\n                  \u001b[33mstroke-linecap\u001b[39m=\u001b[32m\"round\"\u001b[39m\n                  \u001b[33mstroke-linejoin\u001b[39m=\u001b[32m\"round\"\u001b[39m\n                  \u001b[33mstroke-width\u001b[39m=\u001b[32m\"2\"\u001b[39m\n                  \u001b[33mviewBox\u001b[39m=\u001b[32m\"0 0 24 24\"\u001b[39m\n                  \u001b[33mwidth\u001b[39m=\u001b[32m\"18\"\u001b[39m\n                  \u001b[33mxmlns\u001b[39m=\u001b[32m\"http://www.w3.org/2000/svg\"\u001b[39m\n                \u001b[36m>\u001b[39m\n                  \u001b[36m<polygon\u001b[39m\n                    \u001b[33mpoints\u001b[39m=\u001b[32m\"22 3 2 3 10 12.46 10 19 14 21 14 12.46 22 3\"\u001b[39m\n                  \u001b[36m/>\u001b[39m\n                \u001b[36m</svg>\u001b[39m\n                \u001b[0m ФІЛЬТРИ_ДАНРИХ\u001b[0m\n              \u001b[36m</button>\u001b[39m\n            \u001b[36m</div>\u001b[39m\n          \u001b[36m</div>\u001b[39m\n          \u001b[36m<div\u001b[39m\n            \u001b[33mclass\u001b[39m=\u001b[32m\"relative\"\u001b[39m\n          \u001b[36m>\u001b[39m\n            \u001b[36m<div\u001b[39m\n              \u001b[33mclass\u001b[39m=\u001b[32m\"py-40 flex flex-col items-center justify-center gap-10\"\u001b[39m\n            \u001b[36m>\u001b[39m\n              \u001b[36m<div\u001b[39m\n                \u001b[33mclass\u001b[39m=\u001b[32m\"relative\"\u001b[39m\n              \u001b[36m>\u001b[39m\n                \u001b[36m<div\u001b[39m\n                  \u001b[33mclass\u001b[39m=\u001b[32m\"w-[100px] h-[100px] rounded-full border-4 border-blue-500/20 border-t-blue-500 animate-spin\"\u001b[39m\n                \u001b[36m/>\u001b[39m\n                \u001b[36m<div\u001b[39m\n                  \u001b[33mclass\u001b[39m=\u001b[32m\"absolute inset-0 flex items-center justify-center\"\u001b[39m\n                \u001b[36m>\u001b[39m\n                  \u001b[36m<svg\u001b[39m\n                    \u001b[33mclass\u001b[39m=\u001b[32m\"lucide lucide-database text-blue-500 animate-pulse\"\u001b[39m\n                    \u001b[33mfill\u001b[39m=\u001b[32m\"none\"\u001b[39m\n                    \u001b[33mheight\u001b[39m=\u001b[32m\"32\"\u001b[39m\n                    \u001b[33mstroke\u001b[39m=\u001b[32m\"currentColor\"\u001b[39m\n                    \u001b[33mstroke-linecap\u001b[39m=\u001b[32m\"round\"\u001b[39m\n                    \u001b[33mstroke-linejoin\u001b[39m=\u001b[32m\"round\"\u001b[39m\n                    \u001b[33mstroke-width\u001b[39m=\u001b[32m\"2\"\u001b[39m\n                    \u001b[33mviewBox\u001b[39m=\u001b[32m\"0 0 24 24\"\u001b[39m\n                    \u001b[33mwidth\u001b[39m=\u001b[32m\"32\"\u001b[39m\n                    \u001b[33mxmlns\u001b[39m=\u001b[32m\"http://www.w3.org/2000/svg\"\u001b[39m\n                  \u001b[36m>\u001b[39m\n                    \u001b[36m<ellipse\u001b[39m\n                      \u001b[33mcx\u001b[39m=\u001b[32m\"12\"\u001b[39m\n                      \u001b[33mcy\u001b[39m=\u001b[32m\"5\"\u001b[39m\n                      \u001b[33mrx\u001b[39m=\u001b[32m\"9\"\u001b[39m\n                      \u001b[33mry\u001b[39m=\u001b[32m\"3\"\u001b[39m\n                    \u001b[36m/>\u001b[39m\n                    \u001b[36m<path\u001b[39m\n                      \u001b[33md\u001b[39m=\u001b[32m\"M3 5V19A9 3 0 0 0 21 19V5\"\u001b[39m\n                    \u001b[36m/>\u001b[39m\n                    \u001b[36m<path\u001b[39m\n                      \u001b[33md\u001b[39m=\u001b[32m\"M3 12A9 3 0 0 0 21 12\"\u001b[39m\n                    \u001b[36m/>\u001b[39m\n                  \u001b[36m</svg>\u001b[39m\n                \u001b[36m</div>\u001b[39m\n              \u001b[36m</div>\u001b[39m\n              \u001b[36m<p\u001b[39m\n                \u001b[33mclass\u001b[39m=\u001b[32m\"text-blue-500 font-black text-[12px] animate-pulse uppercase tracking-[0.4em] italic leading-none\"\u001b[39m\n              \u001b[36m>\u001b[39m\n                \u001b[0mFETCHING_INVESTIGATION_LOGS // STAND_BY...\u001b[0m\n              \u001b[36m</p>\u001b[39m\n            \u001b[36m</div>\u001b[39m\n          \u001b[36m</div>\u001b[39m\n        \u001b[36m</div>\u001b[39m\n      \u001b[36m</div>\u001b[39m\n    \u001b[36m</div>\u001b[39m\n  \u001b[36m</div>\u001b[39m\n\u001b[36m</body>\u001b[39m"],"location":{"line":37,"column":19}},{"ancestorTitles":["","CasesView"],"fullName":" CasesView повинен викликати API для архівації кейсу","status":"passed","title":"повинен викликати API для архівації кейсу","duration":45,"failureMessages":[]}],"startTime":1776358188305,"endTime":1776358189395,"status":"failed","message":"","name":"/Users/Shared/Predator_60/apps/predator-analytics-ui/src/features/intelligence/__tests__/CasesView.test.tsx"},{"assertionResults":[{"ancestorTitles":["","CompetitorIntelligenceView"],"fullName":" CompetitorIntelligenceView повинен успішно завантажувати та відображати список конкурентів","status":"failed","title":"повинен успішно завантажувати та відображати список конкурентів","duration":1557,"failureMessages":["Unable to find an element with the text: GLOBAL TRADE CORP. This could be because the text is broken up by multiple elements. In this case, you can provide a function for your text matcher to make your matcher more flexible.\n\nIgnored nodes: comments, script, style\n\u001b[36m<body>\u001b[39m\n  \u001b[36m<div>\u001b[39m\n    \u001b[36m<div\u001b[39m\n      \u001b[33mdata-testid\u001b[39m=\u001b[32m\"page-transition\"\u001b[39m\n    \u001b[36m>\u001b[39m\n      \u001b[36m<div\u001b[39m\n        \u001b[33mclass\u001b[39m=\u001b[32m\"min-h-screen pb-24 relative overflow-hidden bg-[#020202]\"\u001b[39m\n      \u001b[36m>\u001b[39m\n        \u001b[36m<div\u001b[39m\n          \u001b[33mclass\u001b[39m=\u001b[32m\"absolute inset-0 opacity-20 pointer-events-none overflow-hidden\"\u001b[39m\n        \u001b[36m>\u001b[39m\n          \u001b[36m<div\u001b[39m\n            \u001b[33mdata-testid\u001b[39m=\u001b[32m\"holo-container\"\u001b[39m\n          \u001b[36m/>\u001b[39m\n        \u001b[36m</div>\u001b[39m\n        \u001b[36m<div\u001b[39m\n          \u001b[33mclass\u001b[39m=\u001b[32m\"absolute top-1/4 -right-20 w-96 h-96 bg-[#D4AF37]/10 rounded-full blur-[120px] pointer-events-none animate-pulse\"\u001b[39m\n        \u001b[36m/>\u001b[39m\n        \u001b[36m<div\u001b[39m\n          \u001b[33mclass\u001b[39m=\u001b[32m\"absolute bottom-1/4 -left-20 w-80 h-80 bg-rose-600/5 rounded-full blur-[100px] pointer-events-none\"\u001b[39m\n        \u001b[36m/>\u001b[39m\n        \u001b[36m<div\u001b[39m\n          \u001b[33mclass\u001b[39m=\u001b[32m\"relative z-20\"\u001b[39m\n        \u001b[36m>\u001b[39m\n          \u001b[36m<div\u001b[39m\n            \u001b[33mdata-testid\u001b[39m=\u001b[32m\"view-header\"\u001b[39m\n          \u001b[36m>\u001b[39m\n            \u001b[36m<h1>\u001b[39m\n              \u001b[36m<div\u001b[39m\n                \u001b[33mclass\u001b[39m=\u001b[32m\"flex items-center gap-10\"\u001b[39m\n              \u001b[36m>\u001b[39m\n                \u001b[36m<div\u001b[39m\n                  \u001b[33mclass\u001b[39m=\u001b[32m\"relative group\"\u001b[39m\n                \u001b[36m>\u001b[39m\n                  \u001b[36m<div\u001b[39m\n                    \u001b[33mclass\u001b[39m=\u001b[32m\"absolute inset-0 bg-[#D4AF37]/20 blur-3xl rounded-full scale-150 animate-pulse\"\u001b[39m\n                  \u001b[36m/>\u001b[39m\n                  \u001b[36m<div\u001b[39m\n                    \u001b[33mclass\u001b[39m=\u001b[32m\"relative p-7 bg-black border-2 border-[#D4AF37]/40 rounded-[2.5rem] shadow-4xl transform rotate-2 hover:rotate-0 transition-all\"\u001b[39m\n                  \u001b[36m>\u001b[39m\n                    \u001b[36m<svg\u001b[39m\n                      \u001b[33mclass\u001b[39m=\u001b[32m\"lucide lucide-radar text-[#D4AF37] shadow-[0_0_20px_#d4af37]\"\u001b[39m\n                      \u001b[33mfill\u001b[39m=\u001b[32m\"none\"\u001b[39m\n                      \u001b[33mheight\u001b[39m=\u001b[32m\"42\"\u001b[39m\n                      \u001b[33mstroke\u001b[39m=\u001b[32m\"currentColor\"\u001b[39m\n                      \u001b[33mstroke-linecap\u001b[39m=\u001b[32m\"round\"\u001b[39m\n                      \u001b[33mstroke-linejoin\u001b[39m=\u001b[32m\"round\"\u001b[39m\n                      \u001b[33mstroke-width\u001b[39m=\u001b[32m\"2\"\u001b[39m\n                      \u001b[33mviewBox\u001b[39m=\u001b[32m\"0 0 24 24\"\u001b[39m\n                      \u001b[33mwidth\u001b[39m=\u001b[32m\"42\"\u001b[39m\n                      \u001b[33mxmlns\u001b[39m=\u001b[32m\"http://www.w3.org/2000/svg\"\u001b[39m\n                    \u001b[36m>\u001b[39m\n                      \u001b[36m<path\u001b[39m\n                        \u001b[33md\u001b[39m=\u001b[32m\"M19.07 4.93A10 10 0 0 0 6.99 3.34\"\u001b[39m\n                      \u001b[36m/>\u001b[39m\n                      \u001b[36m<path\u001b[39m\n                        \u001b[33md\u001b[39m=\u001b[32m\"M4 6h.01\"\u001b[39m\n                      \u001b[36m/>\u001b[39m\n                      \u001b[36m<path\u001b[39m\n                        \u001b[33md\u001b[39m=\u001b[32m\"M2.29 9.62A10 10 0 1 0 21.31 8.35\"\u001b[39m\n                      \u001b[36m/>\u001b[39m\n                      \u001b[36m<path\u001b[39m\n                        \u001b[33md\u001b[39m=\u001b[32m\"M16.24 7.76A6 6 0 1 0 8.23 16.67\"\u001b[39m\n                      \u001b[36m/>\u001b[39m\n                      \u001b[36m<path\u001b[39m\n                        \u001b[33md\u001b[39m=\u001b[32m\"M12 18h.01\"\u001b[39m\n                      \u001b[36m/>\u001b[39m\n                      \u001b[36m<path\u001b[39m\n                        \u001b[33md\u001b[39m=\u001b[32m\"M17.99 11.66A6 6 0 0 1 15.77 16.67\"\u001b[39m\n                      \u001b[36m/>\u001b[39m\n                      \u001b[36m<circle\u001b[39m\n                        \u001b[33mcx\u001b[39m=\u001b[32m\"12\"\u001b[39m\n                        \u001b[33mcy\u001b[39m=\u001b[32m\"12\"\u001b[39m\n                        \u001b[33mr\u001b[39m=\u001b[32m\"2\"\u001b[39m\n                      \u001b[36m/>\u001b[39m\n                      \u001b[36m<path\u001b[39m\n                        \u001b[33md\u001b[39m=\u001b[32m\"m13.41 10.59 5.66-5.66\"\u001b[39m\n                      \u001b[36m/>\u001b[39m\n                    \u001b[36m</svg>\u001b[39m\n                  \u001b[36m</div>\u001b[39m\n                \u001b[36m</div>\u001b[39m\n                \u001b[36m<div\u001b[39m\n                  \u001b[33mclass\u001b[39m=\u001b[32m\"space-y-2\"\u001b[39m\n                \u001b[36m>\u001b[39m\n                  \u001b[36m<div\u001b[39m\n                    \u001b[33mclass\u001b[39m=\u001b[32m\"flex items-center gap-4\"\u001b[39m\n                  \u001b[36m>\u001b[39m\n                    \u001b[36m<span\u001b[39m\n                      \u001b[33mclass\u001b[39m=\u001b[32m\"bg-[#D4AF37]/10 border border-[#D4AF37]/20 text-[#D4AF37] px-4 py-1 text-[10px] font-black tracking-[0.4em] uppercase italic rounded-lg\"\u001b[39m\n                    \u001b[36m>\u001b[39m\n                      \u001b[0mCOMPETITOR_SIGINT // HUB_MATRIX\u001b[0m\n                    \u001b[36m</span>\u001b[39m\n                    \u001b[36m<div\u001b[39m\n                      \u001b[33mclass\u001b[39m=\u001b[32m\"h-px w-12 bg-[#D4AF37]/20\"\u001b[39m\n                    \u001b[36m/>\u001b[39m\n                    \u001b[36m<span\u001b[39m\n                      \u001b[33mclass\u001b[39m=\u001b[32m\"text-[10px] font-black text-yellow-800 font-mono tracking-widest uppercase italic shadow-sm\"\u001b[39m\n                    \u001b[36m>\u001b[39m\n                      \u001b[0mv56.5-ELITE\u001b[0m\n                    \u001b[36m</span>\u001b[39m\n                  \u001b[36m</div>\u001b[39m\n                  \u001b[36m<h1\u001b[39m\n                    \u001b[33mclass\u001b[39m=\u001b[32m\"text-6xl font-black text-white tracking-tighter uppercase italic skew-x-[-3deg] leading-none\"\u001b[39m\n                  \u001b[36m>\u001b[39m\n                    \u001b[0mСТРАТЕГІЧНИЙ НЕКСУС КОНКУРЕНТІВ\u001b[0m\n                  \u001b[36m</h1>\u001b[39m\n                \u001b[36m</div>\u001b[39m\n              \u001b[36m</div>\u001b[39m\n            \u001b[36m</h1>\u001b[39m\n            \u001b[36m<div\u001b[39m\n              \u001b[33mdata-testid\u001b[39m=\u001b[32m\"header-stats\"\u001b[39m\n            \u001b[36m>\u001b[39m\n              \u001b[0m4\u001b[0m\n              \u001b[0m stats\u001b[0m\n            \u001b[36m</div>\u001b[39m\n          \u001b[36m</div>\u001b[39m\n          \u001b[36m<div\u001b[39m\n            \u001b[33mclass\u001b[39m=\u001b[32m\"max-w-[1700px] mx-auto px-10 mt-14 grid grid-cols-1 xl:grid-cols-4 gap-12\"\u001b[39m\n          \u001b[36m>\u001b[39m\n            \u001b[36m<div\u001b[39m\n              \u001b[33mclass\u001b[39m=\u001b[32m\"xl:col-span-3 space-y-10\"\u001b[39m\n            \u001b[36m>\u001b[39m\n              \u001b[36m<div\u001b[39m\n                \u001b[33mclass\u001b[39m=\u001b[32m\"flex flex-col md:flex-row gap-6 p-3 bg-black border border-white/[0.04] shadow-[0_30px_60px_-12px_rgba(0,0,0,0.5)] rounded-[2.5rem]\"\u001b[39m\n                \u001b[33mstyle\u001b[39m=\u001b[32m\"opacity: 1; transform: none;\"\u001b[39m\n              \u001b[36m>\u001b[39m\n                \u001b[36m<div\u001b[39m\n                  \u001b[33mclass\u001b[39m=\u001b[32m\"flex-1 relative group\"\u001b[39m\n                \u001b[36m>\u001b[39m\n                  \u001b[36m<svg\u001b[39m\n                    \u001b[33mclass\u001b[39m=\u001b[32m\"lucide lucide-search absolute left-6 top-1/2 -translate-y-1/2 text-slate-700 group-focus-within:text-[#D4AF37] transition-all duration-400\"\u001b[39m\n                    \u001b[33mfill\u001b[39m=\u001b[32m\"none\"\u001b[39m\n                    \u001b[33mheight\u001b[39m=\u001b[32m\"24\"\u001b[39m\n                    \u001b[33mstroke\u001b[39m=\u001b[32m\"currentColor\"\u001b[39m\n                    \u001b[33mstroke-linecap\u001b[39m=\u001b[32m\"round\"\u001b[39m\n                    \u001b[33mstroke-linejoin\u001b[39m=\u001b[32m\"round\"\u001b[39m\n                    \u001b[33mstroke-width\u001b[39m=\u001b[32m\"2\"\u001b[39m\n                    \u001b[33mviewBox\u001b[39m=\u001b[32m\"0 0 24 24\"\u001b[39m\n                    \u001b[33mwidth\u001b[39m=\u001b[32m\"24\"\u001b[39m\n                    ...\n\nIgnored nodes: comments, script, style\n\u001b[36m<html>\u001b[39m\n  \u001b[36m<head />\u001b[39m\n  \u001b[36m<body>\u001b[39m\n    \u001b[36m<div>\u001b[39m\n      \u001b[36m<div\u001b[39m\n        \u001b[33mdata-testid\u001b[39m=\u001b[32m\"page-transition\"\u001b[39m\n      \u001b[36m>\u001b[39m\n        \u001b[36m<div\u001b[39m\n          \u001b[33mclass\u001b[39m=\u001b[32m\"min-h-screen pb-24 relative overflow-hidden bg-[#020202]\"\u001b[39m\n        \u001b[36m>\u001b[39m\n          \u001b[36m<div\u001b[39m\n            \u001b[33mclass\u001b[39m=\u001b[32m\"absolute inset-0 opacity-20 pointer-events-none overflow-hidden\"\u001b[39m\n          \u001b[36m>\u001b[39m\n            \u001b[36m<div\u001b[39m\n              \u001b[33mdata-testid\u001b[39m=\u001b[32m\"holo-container\"\u001b[39m\n            \u001b[36m/>\u001b[39m\n          \u001b[36m</div>\u001b[39m\n          \u001b[36m<div\u001b[39m\n            \u001b[33mclass\u001b[39m=\u001b[32m\"absolute top-1/4 -right-20 w-96 h-96 bg-[#D4AF37]/10 rounded-full blur-[120px] pointer-events-none animate-pulse\"\u001b[39m\n          \u001b[36m/>\u001b[39m\n          \u001b[36m<div\u001b[39m\n            \u001b[33mclass\u001b[39m=\u001b[32m\"absolute bottom-1/4 -left-20 w-80 h-80 bg-rose-600/5 rounded-full blur-[100px] pointer-events-none\"\u001b[39m\n          \u001b[36m/>\u001b[39m\n          \u001b[36m<div\u001b[39m\n            \u001b[33mclass\u001b[39m=\u001b[32m\"relative z-20\"\u001b[39m\n          \u001b[36m>\u001b[39m\n            \u001b[36m<div\u001b[39m\n              \u001b[33mdata-testid\u001b[39m=\u001b[32m\"view-header\"\u001b[39m\n            \u001b[36m>\u001b[39m\n              \u001b[36m<h1>\u001b[39m\n                \u001b[36m<div\u001b[39m\n                  \u001b[33mclass\u001b[39m=\u001b[32m\"flex items-center gap-10\"\u001b[39m\n                \u001b[36m>\u001b[39m\n                  \u001b[36m<div\u001b[39m\n                    \u001b[33mclass\u001b[39m=\u001b[32m\"relative group\"\u001b[39m\n                  \u001b[36m>\u001b[39m\n                    \u001b[36m<div\u001b[39m\n                      \u001b[33mclass\u001b[39m=\u001b[32m\"absolute inset-0 bg-[#D4AF37]/20 blur-3xl rounded-full scale-150 animate-pulse\"\u001b[39m\n                    \u001b[36m/>\u001b[39m\n                    \u001b[36m<div\u001b[39m\n                      \u001b[33mclass\u001b[39m=\u001b[32m\"relative p-7 bg-black border-2 border-[#D4AF37]/40 rounded-[2.5rem] shadow-4xl transform rotate-2 hover:rotate-0 transition-all\"\u001b[39m\n                    \u001b[36m>\u001b[39m\n                      \u001b[36m<svg\u001b[39m\n                        \u001b[33mclass\u001b[39m=\u001b[32m\"lucide lucide-radar text-[#D4AF37] shadow-[0_0_20px_#d4af37]\"\u001b[39m\n                        \u001b[33mfill\u001b[39m=\u001b[32m\"none\"\u001b[39m\n                        \u001b[33mheight\u001b[39m=\u001b[32m\"42\"\u001b[39m\n                        \u001b[33mstroke\u001b[39m=\u001b[32m\"currentColor\"\u001b[39m\n                        \u001b[33mstroke-linecap\u001b[39m=\u001b[32m\"round\"\u001b[39m\n                        \u001b[33mstroke-linejoin\u001b[39m=\u001b[32m\"round\"\u001b[39m\n                        \u001b[33mstroke-width\u001b[39m=\u001b[32m\"2\"\u001b[39m\n                        \u001b[33mviewBox\u001b[39m=\u001b[32m\"0 0 24 24\"\u001b[39m\n                        \u001b[33mwidth\u001b[39m=\u001b[32m\"42\"\u001b[39m\n                        \u001b[33mxmlns\u001b[39m=\u001b[32m\"http://www.w3.org/2000/svg\"\u001b[39m\n                      \u001b[36m>\u001b[39m\n                        \u001b[36m<path\u001b[39m\n                          \u001b[33md\u001b[39m=\u001b[32m\"M19.07 4.93A10 10 0 0 0 6.99 3.34\"\u001b[39m\n                        \u001b[36m/>\u001b[39m\n                        \u001b[36m<path\u001b[39m\n                          \u001b[33md\u001b[39m=\u001b[32m\"M4 6h.01\"\u001b[39m\n                        \u001b[36m/>\u001b[39m\n                        \u001b[36m<path\u001b[39m\n                          \u001b[33md\u001b[39m=\u001b[32m\"M2.29 9.62A10 10 0 1 0 21.31 8.35\"\u001b[39m\n                        \u001b[36m/>\u001b[39m\n                        \u001b[36m<path\u001b[39m\n                          \u001b[33md\u001b[39m=\u001b[32m\"M16.24 7.76A6 6 0 1 0 8.23 16.67\"\u001b[39m\n                        \u001b[36m/>\u001b[39m\n                        \u001b[36m<path\u001b[39m\n                          \u001b[33md\u001b[39m=\u001b[32m\"M12 18h.01\"\u001b[39m\n                        \u001b[36m/>\u001b[39m\n                        \u001b[36m<path\u001b[39m\n                          \u001b[33md\u001b[39m=\u001b[32m\"M17.99 11.66A6 6 0 0 1 15.77 16.67\"\u001b[39m\n                        \u001b[36m/>\u001b[39m\n                        \u001b[36m<circle\u001b[39m\n                          \u001b[33mcx\u001b[39m=\u001b[32m\"12\"\u001b[39m\n                          \u001b[33mcy\u001b[39m=\u001b[32m\"12\"\u001b[39m\n                          \u001b[33mr\u001b[39m=\u001b[32m\"2\"\u001b[39m\n                        \u001b[36m/>\u001b[39m\n                        \u001b[36m<path\u001b[39m\n                          \u001b[33md\u001b[39m=\u001b[32m\"m13.41 10.59 5.66-5.66\"\u001b[39m\n                        \u001b[36m/>\u001b[39m\n                      \u001b[36m</svg>\u001b[39m\n                    \u001b[36m</div>\u001b[39m\n                  \u001b[36m</div>\u001b[39m\n                  \u001b[36m<div\u001b[39m\n                    \u001b[33mclass\u001b[39m=\u001b[32m\"space-y-2\"\u001b[39m\n                  \u001b[36m>\u001b[39m\n                    \u001b[36m<div\u001b[39m\n                      \u001b[33mclass\u001b[39m=\u001b[32m\"flex items-center gap-4\"\u001b[39m\n                    \u001b[36m>\u001b[39m\n                      \u001b[36m<span\u001b[39m\n                        \u001b[33mclass\u001b[39m=\u001b[32m\"bg-[#D4AF37]/10 border border-[#D4AF37]/20 text-[#D4AF37] px-4 py-1 text-[10px] font-black tracking-[0.4em] uppercase italic rounded-lg\"\u001b[39m\n                      \u001b[36m>\u001b[39m\n                        \u001b[0mCOMPETITOR_SIGINT // HUB_MATRIX\u001b[0m\n                      \u001b[36m</span>\u001b[39m\n                      \u001b[36m<div\u001b[39m\n                        \u001b[33mclass\u001b[39m=\u001b[32m\"h-px w-12 bg-[#D4AF37]/20\"\u001b[39m\n                      \u001b[36m/>\u001b[39m\n                      \u001b[36m<span\u001b[39m\n                        \u001b[33mclass\u001b[39m=\u001b[32m\"text-[10px] font-black text-yellow-800 font-mono tracking-widest uppercase italic shadow-sm\"\u001b[39m\n                      \u001b[36m>\u001b[39m\n                        \u001b[0mv56.5-ELITE\u001b[0m\n                      \u001b[36m</span>\u001b[39m\n                    \u001b[36m</div>\u001b[39m\n                    \u001b[36m<h1\u001b[39m\n                      \u001b[33mclass\u001b[39m=\u001b[32m\"text-6xl font-black text-white tracking-tighter uppercase italic skew-x-[-3deg] leading-none\"\u001b[39m\n                    \u001b[36m>\u001b[39m\n                      \u001b[0mСТРАТЕГІЧНИЙ НЕКСУС КОНКУРЕНТІВ\u001b[0m\n                    \u001b[36m</h1>\u001b[39m\n                  \u001b[36m</div>\u001b[39m\n                \u001b[36m</div>\u001b[39m\n              \u001b[36m</h1>\u001b[39m\n              \u001b[36m<div\u001b[39m\n                \u001b[33mdata-testid\u001b[39m=\u001b[32m\"header-stats\"\u001b[39m\n              \u001b[36m>\u001b[39m\n                \u001b[0m4\u001b[0m\n                \u001b[0m stats\u001b[0m\n              \u001b[36m</div>\u001b[39m\n            \u001b[36m</div>\u001b[39m\n            \u001b[36m<div\u001b[39m\n              \u001b[33mclass\u001b[39m=\u001b[32m\"max-w-[1700px] mx-auto px-10 mt-14 grid grid-cols-1 xl:grid-cols-4 gap-12\"\u001b[39m\n            \u001b[36m>\u001b[39m\n              \u001b[36m<div\u001b[39m\n                \u001b[33mclass\u001b[39m=\u001b[32m\"xl:col-span-3 space-y-10\"\u001b[39m\n              \u001b[36m>\u001b[39m\n                \u001b[36m<div\u001b[39m\n                  \u001b[33mclass\u001b[39m=\u001b[32m\"flex flex-col md:flex-row gap-6 p-3 bg-black border border-white/[0.04] shadow-[0_30px_60px_-12px_rgba(0,0,0,0.5)] rounded-[2.5rem]\"\u001b[39m\n                  \u001b[33mstyle\u001b[39m=\u001b[32m\"opacity: 1; transform: none;\"\u001b[39m\n                \u001b[36m>\u001b[39m\n                  \u001b[36m<div\u001b[39m\n                    \u001b[33mclass\u001b[39m=\u001b[32m\"flex-1 relative group\"\u001b[39m\n                  \u001b[36m>\u001b[39m\n                    \u001b[36m<svg\u001b[39m\n                      \u001b[33mclass\u001b[39m=\u001b[32m\"lucide lucide-search absolute 
[...]
39m=\u001b[32m\"12\"\u001b[39m\n                      \u001b[33mcy\u001b[39m=\u001b[32m\"12\"\u001b[39m\n                      \u001b[33mr\u001b[39m=\u001b[32m\"2\"\u001b[39m\n                    \u001b[36m/>\u001b[39m\n                  \u001b[36m</svg>\u001b[39m\n                \u001b[36m</div>\u001b[39m\n              \u001b[36m</div>\u001b[39m\n              \u001b[36m<div>\u001b[39m\n                \u001b[36m<h1\u001b[39m\n                  \u001b[33mclass\u001b[39m=\u001b[32m\"text-4xl font-black text-white tracking-widest uppercase leading-none italic skew-x-[-4deg]\"\u001b[39m\n                \u001b[36m>\u001b[39m\n                  \u001b[0mПРЕМІУМ \u001b[0m\n                  \u001b[36m<span\u001b[39m\n                    \u001b[33mclass\u001b[39m=\u001b[32m\"text-[#D4AF37]\"\u001b[39m\n                  \u001b[36m>\u001b[39m\n                    \u001b[0mTITAN\u001b[0m\n                  \u001b[36m</span>\u001b[39m\n                  \u001b[0m ХАБ\u001b[0m\n                \u001b[36m</h1>\u001b[39m\n                \u001b[36m<p\u001b[39m\n                  \u001b[33mclass\u001b[39m=\u001b[32m\"text-[10px] font-mono font-black text-slate-500 uppercase tracking-[0.6em] mt-3 flex items-center gap-3\"\u001b[39m\n                \u001b[36m>\u001b[39m\n                  \u001b[36m<svg\u001b[39m\n                    \u001b[33mclass\u001b[39m=\u001b[32m\"lucide lucide-gem text-[#D4AF37] hover:scale-125 transition-transform\"\u001b[39m\n                    \u001b[33mfill\u001b[39m=\u001b[32m\"none\"\u001b[39m\n                    \u001b[33mheight\u001b[39m=\u001b[32m\"12\"\u001b[39m\n                    \u001b[33mstroke\u001b[39m=\u001b[32m\"currentColor\"\u001b[39m\n                    \u001b[33mstroke-linecap\u001b[39m=\u001b[32m\"round\"\u001b[39m\n                    \u001b[33mstroke-linejoin\u001b[39m=\u001b[32m\"round\"\u001b[39m\n                    \u001b[33mstroke-width\u001b[39m=\u001b[32m\"2\"\u001b[39m\n                    \u001b[33mviewBox\u001b[39m=\u001b[32m\"0 0 24 24\"\u001b[39m\n                    \u001b[33mwidth\u001b[39m=\u001b[32m\"12\"\u001b[39m\n                    \u001b[33mxmlns\u001b[39m=\u001b[32m\"http://www.w3.org/2000/svg\"\u001b[39m\n                  \u001b[36m>\u001b[39m\n                    \u001b[36m<path\u001b[39m\n                      \u001b[33md\u001b[39m=\u001b[32m\"M6 3h12l4 6-10 13L2 9Z\"\u001b[39m\n                    \u001b[36m/>\u001b[39m\n                    \u001b[36m<path\u001b[39m\n                      \u001b[33md\u001b[39m=\u001b[32m\"M11 3 8 9l4 13 4-13-3-6\"\u001b[39m\n                    \u001b[36m/>\u001b[39m\n                    \u001b[36m<path\u001b[39m\n                      \u001b[33md\u001b[39m=\u001b[32m\"M2 9h20\"\u001b[39m\n                    \u001b[36m/>\u001b[39m\n                  \u001b[36m</svg>\u001b[39m\n                  \u001b[0mКОМЕРЦІЙНА_РОЗВІДКА_v56.5_ELITE\u001b[0m\n                \u001b[36m</p>\u001b[39m\n              \u001b[36m</div>\u001b[39m\n            \u001b[36m</div>\u001b[39m\n            \u001b[36m<div\u001b[39m\n              \u001b[33mdata-testid\u001b[39m=\u001b[32m\"breadcrumbs\"\u001b[39m\n            \u001b[36m>\u001b[39m\n              \u001b[0mPREDATOR &gt; PREMIUM &gt; TITAN\u001b[0m\n            \u001b[36m</div>\u001b[39m\n            \u001b[36m<div\u001b[39m\n              \u001b[33mdata-testid\u001b[39m=\u001b[32m\"stats-count\"\u001b[39m\n            \u001b[36m>\u001b[39m\n              \u001b[0m3\u001b[0m\n            \u001b[36m</div>\u001b[39m\n          \u001b[36m</div>\u001b[39m\n          \u001b[36m<div\u001b[39m\n            \u001b[33mclass\u001b[39m=\u001b[32m\"flex flex-wrap items-center justify-between gap-8 bg-black/60 backdrop-blur-3xl p-4 rounded-[40px] border border-[#D4AF37]/10\"\u001b[39m\n          \u001b[36m>\u001b[39m\n            \u001b[36m<div\u001b[39m\n              \u001b[33mclass\u001b[39m=\u001b[32m\"flex items-center gap-3 p-1.5 bg-black/40 rounded-[28px]\"\u001b[39m\n            \u001b[36m>\u001b[39m\n              \u001b[36m<button\u001b[39m\n                \u001b[33mclass\u001b[39m=\u001b[32m\"px-10 py-4 rounded-[24px] text-xs font-black uppercase tracking-widest transition-all flex items-center gap-3 relative overflow-hidden italic bg-gradient-to-r from-[#D4AF37] via-amber-600 to-[#D4AF37] text-black shadow-xl shadow-[#D4AF37]/20\"\u001b[39m\n              \u001b[36m>\u001b[39m\n                \u001b[36m<svg\u001b[39m\n                  \u001b[33mclass\u001b[39m=\u001b[32m\"lucide lucide-target \"\u001b[39m\n                  \u001b[33mfill\u001b[39m=\u001b[32m\"none\"\u001b[39m\n                  \u001b[33mheight\u001b[39m=\u001b[32m\"18\"\u001b[39m\n                  \u001b[33mstroke\u001b[39m=\u001b[32m\"currentColor\"\u001b[39m\n                  \u001b[33mstroke-linecap\u001b[39m=\u001b[32m\"round\"\u001b[39m\n                  \u001b[33mstroke-linejoin\u001b[39m=\u001b[32m\"round\"\u001b[39m\n                  \u001b[33mstroke-width\u001b[39m=\u001b[32m\"2\"\u001b[39m\n                  \u001b[33mviewBox\u001b[39m=\u001b[32m\"0 0 24 24\"\u001b[39m\n                  \u001b[33mwidth\u001b[39..."],"location":{"line":163,"column":27}},{"ancestorTitles":["","PremiumHubView"],"fullName":" PremiumHubView повинен відображати основний контент Хаба для аналітика","status":"passed","title":"повинен відображати основний контент Хаба для аналітика","duration":92,"failureMessages":[]},{"ancestorTitles":["","PremiumHubView"],"fullName":" PremiumHubView повинен перемикати персони (TITAN -> INQUISITOR)","status":"passed","title":"повинен перемикати персони (TITAN -> INQUISITOR)","duration":242,"failureMessages":[]},{"ancestorTitles":["","PremiumHubView"],"fullName":" PremiumHubView повинен перемикати вкладки (Overview -> Tactical)","status":"failed","title":"повинен перемикати вкладки (Overview -> Tactical)","duration":43,"failureMessages":["expect(element).toHaveClass(\"text-amber-400\")\n\nExpected the element to have class:\n  text-amber-400\nReceived:\n  px-8 py-3.5 rounded-[22px] text-[10px] font-black uppercase tracking-widest flex items-center gap-3 transition-all italic bg-[#D4AF37]/10 text-[#D4AF37] border border-[#D4AF37]/30"],"location":{"line":133,"column":47}},{"ancestorTitles":["","PremiumHubView"],"fullName":" PremiumHubView повинен відкривати глобальний пошук при натисканні Cmd+K або кнопки","status":"passed","title":"повинен відкривати глобальний пошук при натисканні Cmd+K або кнопки","duration":139,"failureMessages":[]},{"ancestorTitles":["","PremiumHubView"],"fullName":" PremiumHubView повинен відображати інсайти відповідно до персони","status":"passed","title":"повинен відображати інсайти відповідно до персони","duration":44,"failureMessages":[]}],"startTime":1776358195181,"endTime":1776358198328,"status":"failed","message":"","name":"/Users/Shared/Predator_60/apps/predator-analytics-ui/src/features/intelligence/__tests__/PremiumHubView.test.tsx"},{"assertionResults":[{"ancestorTitles":["","PriceComparisonPremium"],"fullName":" PriceComparisonPremium повинен відмальовувати заголовок та статистику","status":"failed","title":"повинен відмальовувати заголовок та статистику","duration":846,"failureMessages":["useTheme має використовуватись усередині ThemeProvider"],"location":{"line":181,"column":19}},{"ancestorTitles":["","PriceComparisonPremium"],"fullName":" PriceComparisonPremium повинен відображати список товарів та ціновий діапазон","status":"failed","title":"повинен відображати список товарів та ціновий діапазон","duration":81,"failureMessages":["useTheme має використовуватись усередині ThemeProvider"],"location":{"line":181,"column":19}},{"ancestorTitles":["","PriceComparisonPremium"],"fullName":" PriceComparisonPremium повинен відображати пропозиції (перший розгорнутий за замовчуванням)","status":"failed","title":"повинен відображати пропозиції (перший розгорнутий за замовчуванням)","duration":72,"failureMessages":["useTheme має використовуватись усередині ThemeProvider"],"location":{"line":181,"column":19}},{"ancestorTitles":["","PriceComparisonPremium"],"fullName":" PriceComparisonPremium повинен згортати та розгортати при натисканні","status":"failed","title":"повинен згортати та розгортати при натисканні","duration":12,"failureMessages":["useTheme має використовуватись усередині ThemeProvider"],"location":{"line":181,"column":19}},{"ancestorTitles":["","PriceComparisonPremium"],"fullName":" PriceComparisonPremium повинен фільтрувати за пошуковим запитом","status":"failed","title":"повинен фільтрувати за пошуковим запитом","duration":17,"failureMessages":["useTheme має використовуватись усередині ThemeProvider"],"location":{"line":181,"column":19}}],"startTime":1776358191610,"endTime":1776358192639,"status":"failed","message":"","name":"/Users/Shared/Predator_60/apps/predator-analytics-ui/src/features/intelligence/__tests__/PriceComparisonPremium.test.tsx"},{"assertionResults":[{"ancestorTitles":["","RiskScoringPremium"],"fullName":" RiskScoringPremium повинен відмальовувати заголовок та KPI","status":"failed","title":"повинен відмальовувати заголовок та KPI","duration":201,"failureMessages":["useTheme має використовуватись усередині ThemeProvider"],"location":{"line":181,"column":19}},{"ancestorTitles":["","RiskScoringPremium"],"fullName":" RiskScoringPremium повинен відображати список об'єктів","status":"failed","title":"повинен відображати список об'єктів","duration":130,"failureMessages":["useTheme має використовуватись усередині ThemeProvider"],"location":{"line":181,"column":19}},{"ancestorTitles":["","RiskScoringPremium"],"fullName":" RiskScoringPremium повинен фільтрувати за пошуковим запитом","status":"failed","title":"повинен фільтрувати за пошуковим запитом","duration":47,"failureMessages":["useTheme має використовуватись усередині ThemeProvider"],"location":{"line":181,"column":19}},{"ancestorTitles":["","RiskScoringPremium"],"fullName":" RiskScoringPremium повинен фільтрувати за рівнем ризику","status":"failed","title":"повинен фільтрувати за рівнем ризику","duration":54,"failureMessages":["useTheme має використовуватись усередині ThemeProvider"],"location":{"line":181,"column":19}},{"ancestorTitles":["","RiskScoringPremium"],"fullName":" RiskScoringPremium повинен відкривати детальну панель при виборі об'єкта","status":"failed","title":"повинен відкривати детальну панель при виборі об'єкта","duration":74,"failureMessages":["useTheme має використовуватись усередині ThemeProvider"],"location":{"line":181,"column":19}}],"startTime":1776358198275,"endTime":1776358198781,"status":"failed","message":"","name":"/Users/Shared/Predator_60/apps/predator-analytics-ui/src/features/intelligence/__tests__/RiskScoringPremium.test.tsx"},{"assertionResults":[{"ancestorTitles":["","SanctionsScreening"],"fullName":" SanctionsScreening рендерить базову структуру і правдивий порожній журнал","status":"failed","title":"рендерить базову структуру і правдивий порожній журнал","duration":113,"failureMessages":["[vitest] No \"Target\" export is defined on the \"lucide-react\" mock. Did you forget to return it from \"vi.mock\"?\nIf you need to partially mock a module, you can use \"importOriginal\" helper inside:\n"],"location":{"line":492,"column":100}},{"ancestorTitles":["","SanctionsScreening"],"fullName":" SanctionsScreening дозволяє перемикати тип сутності та перелік реєстрів","status":"failed","title":"дозволяє перемикати тип сутності та перелік реєстрів","duration":4,"failureMessages":["[vitest] No \"Target\" export is defined on the \"lucide-react\" mock. Did you forget to return it from \"vi.mock\"?\nIf you need to partially mock a module, you can use \"importOriginal\" helper inside:\n"],"location":{"line":492,"column":100}},{"ancestorTitles":["","SanctionsScreening"],"fullName":" SanctionsScreening додає до журналу лише підтверджений результат `/sanctions/screen`","status":"failed","title":"додає до журналу лише підтверджений результат `/sanctions/screen`","duration":8,"failureMessages":["[vitest] No \"Target\" export is defined on the \"lucide-react\" mock. Did you forget to return it from \"vi.mock\"?\nIf you need to partially mock a module, you can use \"importOriginal\" helper inside:\n"],"location":{"line":492,"column":100}},{"ancestorTitles":["","SanctionsScreening"],"fullName":" SanctionsScreening показує чистий стан без локально вигаданих збігів","status":"failed","title":"показує чистий стан без локально вигаданих збігів","duration":4,"failureMessages":["[vitest] No \"Target\" export is defined on the \"lucide-react\" mock. Did you forget to return it from \"vi.mock\"?\nIf you need to partially mock a module, you can use \"importOriginal\" helper inside:\n"],"location":{"line":492,"column":100}},{"ancestorTitles":["","SanctionsScreening"],"fullName":" SanctionsScreening показує помилку і не повертається до демо-історії при збої API","status":"failed","title":"показує помилку і не повертається до демо-історії при збої API","duration":5,"failureMessages":["[vitest] No \"Target\" export is defined on the \"lucide-react\" mock. Did you forget to return it from \"vi.mock\"?\nIf you need to partially mock a module, you can use \"importOriginal\" helper inside:\n"],"location":{"line":492,"column":100}}],"startTime":1776358186299,"endTime":1776358186433,"status":"failed","message":"","name":"/Users/Shared/Predator_60/apps/predator-analytics-ui/src/features/intelligence/__tests__/SanctionsScreening.test.tsx"},{"assertionResults":[{"ancestorTitles":["","ScenarioModeling"],"fullName":" ScenarioModeling повинен відмальовувати основні елементи інтерфейсу","status":"passed","title":"повинен відмальовувати основні елементи інтерфейсу","duration":393,"failureMessages":[]},{"ancestorTitles":["","ScenarioModeling"],"fullName":" ScenarioModeling повинен змінювати параметри сценарію за допомогою слайдерів","status":"passed","title":"повинен змінювати параметри сценарію за допомогою слайдерів","duration":414,"failureMessages":[]},{"ancestorTitles":["","ScenarioModeling"],"fullName":" ScenarioModeling повинен запускати симуляцію та відображати прогрес","status":"passed","title":"повинен запускати симуляцію та відображати прогрес","duration":182,"failureMessages":[]},{"ancestorTitles":["","ScenarioModeling"],"fullName":" ScenarioModeling повинен відображати графік та KPI","status":"passed","title":"повинен відображати графік та KPI","duration":47,"failureMessages":[]},{"ancestorTitles":["","ScenarioModeling"],"fullName":" ScenarioModeling повинен відображати AI інсайти","status":"passed","title":"повинен відображати AI інсайти","duration":68,"failureMessages":[]}],"startTime":1776358198688,"endTime":1776358199792,"status":"passed","message":"","name":"/Users/Shared/Predator_60/apps/predator-analytics-ui/src/features/intelligence/__tests__/ScenarioModeling.test.tsx"},{"assertionResults":[{"ancestorTitles":["","SupplierDiscoveryPremium"],"fullName":" SupplierDiscoveryPremium повинен відмальовувати заголовок та лічильник","status":"failed","title":"повинен відмальовувати заголовок та лічильник","duration":502,"failureMessages":["useTheme має використовуватись усередині ThemeProvider"],"location":{"line":181,"column":19}},{"ancestorTitles":["","SupplierDiscoveryPremium"],"fullName":" SupplierDiscoveryPremium повинен відображати список постачальників","status":"failed","title":"повинен відображати список постачальників","duration":277,"failureMessages":["useTheme має використовуватись усередині ThemeProvider"],"location":{"line":181,"column":19}},{"ancestorTitles":["","SupplierDiscoveryPremium"],"fullName":" SupplierDiscoveryPremium повинен фільтрувати за пошуковим запитом","status":"failed","title":"повинен фільтрувати за пошуковим запитом","duration":35,"failureMessages":["useTheme має використовуватись усередині ThemeProvider"],"location":{"line":181,"column":19}},{"ancestorTitles":["","SupplierDiscoveryPremium"],"fullName":" SupplierDiscoveryPremium повинен фільтрувати за країною","status":"failed","title":"повинен фільтрувати за країною","duration":13,"failureMessages":["useTheme має використовуватись усередині ThemeProvider"],"location":{"line":181,"column":19}},{"ancestorTitles":["","SupplierDiscoveryPremium"],"fullName":" SupplierDiscoveryPremium повинен розгортати картку постачальника для деталізації","status":"failed","title":"повинен розгортати картку постачальника для деталізації","duration":41,"failureMessages":["useTheme має використовуватись усередині ThemeProvider"],"location":{"line":181,"column":19}},{"ancestorTitles":["","SupplierDiscoveryPremium"],"fullName":" SupplierDiscoveryPremium повинен змінювати статус \"вибране\"","status":"failed","title":"повинен змінювати статус \"вибране\"","duration":41,"failureMessages":["useTheme має використовуватись усередині ThemeProvider"],"location":{"line":181,"column":19}}],"startTime":1776358190921,"endTime":1776358191830,"status":"failed","message":"","name":"/Users/Shared/Predator_60/apps/predator-analytics-ui/src/features/intelligence/__tests__/SupplierDiscoveryPremium.test.tsx"},{"assertionResults":[{"ancestorTitles":["","TradeFlowMapPremium"],"fullName":" TradeFlowMapPremium повинен відмальовувати заголовок та підвал зі статистикою","status":"failed","title":"повинен відмальовувати заголовок та підвал зі статистикою","duration":92,"failureMessages":["useTheme має використовуватись усередині ThemeProvider"],"location":{"line":181,"column":19}},{"ancestorTitles":["","TradeFlowMapPremium"],"fullName":" TradeFlowMapPremium повинен завантажувати та відображати країни на карті","status":"failed","title":"повинен завантажувати та відображати країни на карті","duration":35,"failureMessages":["useTheme має використовуватись усередині ThemeProvider"],"location":{"line":181,"column":19}},{"ancestorTitles":["","TradeFlowMapPremium"],"fullName":" TradeFlowMapPremium повинен відображати легенду та дозволяти вибір потоку","status":"failed","title":"повинен відображати легенду та дозволяти вибір потоку","duration":63,"failureMessages":["useTheme має використовуватись усередині ThemeProvider"],"location":{"line":181,"column":19}},{"ancestorTitles":["","TradeFlowMapPremium"],"fullName":" TradeFlowMapPremium повинен відображати статистику країни при кліку","status":"failed","title":"повинен відображати статистику країни при кліку","duration":30,"failureMessages":["useTheme має використовуватись усередині ThemeProvider"],"location":{"line":181,"column":19}},{"ancestorTitles":["","TradeFlowMapPremium"],"fullName":" TradeFlowMapPremium повинен керувати анімацією та повноекранним режимом","status":"failed","title":"повинен керувати анімацією та повноекранним режимом","duration":49,"failureMessages":["useTheme має використовуватись усередині ThemeProvider"],"location":{"line":181,"column":19}}],"startTime":1776358198276,"endTime":1776358198545,"status":"failed","message":"","name":"/Users/Shared/Predator_60/apps/predator-analytics-ui/src/features/intelligence/__tests__/TradeFlowMapPremium.test.tsx"},{"assertionResults":[{"ancestorTitles":["","normalizeSanctionsScreeningPayload"],"fullName":" normalizeSanctionsScreeningPayload нормалізує підтверджену відповідь скринінгу","status":"passed","title":"нормалізує підтверджену відповідь скринінгу","duration":4,"failureMessages":[]},{"ancestorTitles":["","normalizeSanctionsScreeningPayload"],"fullName":" normalizeSanctionsScreeningPayload підставляє безпечні значення, якщо частина полів відсутня","status":"passed","title":"підставляє безпечні значення, якщо частина полів відсутня","duration":1,"failureMessages":[]},{"ancestorTitles":["","normalizeSanctionsScreeningPayload"],"fullName":" normalizeSanctionsScreeningPayload повертає null для невалідного payload без сутності","status":"passed","title":"повертає null для невалідного payload без сутності","duration":0,"failureMessages":[]}],"startTime":1776358203621,"endTime":1776358203626,"status":"passed","message":"","name":"/Users/Shared/Predator_60/apps/predator-analytics-ui/src/features/intelligence/__tests__/sanctionsScreening.utils.test.ts"}]}
