<testsuites id="" name="" tests="1" failures="1" skipped="0" errors="0" time="81.22824699999998">
<testsuite name="data-ingestion.spec.ts" timestamp="2026-06-30T17:48:01.291Z" hostname="chromium" tests="1" failures="1" skipped="0" time="75.625" errors="0">
<testcase name="Data Ingestion Terminal › should handle file upload attempt" classname="data-ingestion.spec.ts" time="75.625">
<system-out>
<![CDATA[
[[ATTACHMENT|data-ingestion-Data-Ingest-bf49b--handle-file-upload-attempt-chromium/error-context.md]]

[[ATTACHMENT|data-ingestion-Data-Ingest-bf49b--handle-file-upload-attempt-chromium/trace.zip]]

[[ATTACHMENT|data-ingestion-Data-Ingest-bf49b--handle-file-upload-attempt-chromium-retry1/error-context.md]]

[[ATTACHMENT|data-ingestion-Data-Ingest-bf49b--handle-file-upload-attempt-chromium-retry1/trace.zip]]
]]>
</system-out>
<failure message="expect(locator).toBeVisible() failed" type="expect.toBeVisible">
<![CDATA[  [chromium] › data-ingestion.spec.ts:6:3 › Data Ingestion Terminal › should handle file upload attempt 

    Error: expect(locator).toBeVisible() failed

    Locator: locator('text=ЦЕНТР ІМПОРТУ ДОКУМЕНТІВ')
    Expected: visible
    Timeout: 15000ms
    Error: element(s) not found

    Call log:
      - Expect "toBeVisible" with timeout 15000ms
      - waiting for locator('text=ЦЕНТР ІМПОРТУ ДОКУМЕНТІВ')


       8 |
       9 |     // Wait for the main title
    > 10 |     await expect(page.locator('text=ЦЕНТР ІМПОРТУ ДОКУМЕНТІВ')).toBeVisible();
         |                                                                 ^
      11 |
      12 |     // Create a dummy Excel file for testing
      13 |     const testFilePath = path.join(process.cwd(), 'test_declarations.xlsx');
        at /Users/Shared/Predator_60/apps/predator-analytics-ui/e2e/data-ingestion.spec.ts:10:65

    Error Context: ../test-results/data-ingestion-Data-Ingest-bf49b--handle-file-upload-attempt-chromium/error-context.md

    attachment #2: trace (application/zip) ─────────────────────────────────────────────────────────
    ../test-results/data-ingestion-Data-Ingest-bf49b--handle-file-upload-attempt-chromium/trace.zip
    Usage:

        npx playwright show-trace ../test-results/data-ingestion-Data-Ingest-bf49b--handle-file-upload-attempt-chromium/trace.zip

    ────────────────────────────────────────────────────────────────────────────────────────────────

    Retry #1 ───────────────────────────────────────────────────────────────────────────────────────

    Error: expect(locator).toBeVisible() failed

    Locator: locator('text=ЦЕНТР ІМПОРТУ ДОКУМЕНТІВ')
    Expected: visible
    Timeout: 15000ms
    Error: element(s) not found

    Call log:
      - Expect "toBeVisible" with timeout 15000ms
      - waiting for locator('text=ЦЕНТР ІМПОРТУ ДОКУМЕНТІВ')


       8 |
       9 |     // Wait for the main title
    > 10 |     await expect(page.locator('text=ЦЕНТР ІМПОРТУ ДОКУМЕНТІВ')).toBeVisible();
         |                                                                 ^
      11 |
      12 |     // Create a dummy Excel file for testing
      13 |     const testFilePath = path.join(process.cwd(), 'test_declarations.xlsx');
        at /Users/Shared/Predator_60/apps/predator-analytics-ui/e2e/data-ingestion.spec.ts:10:65

    Error Context: ../test-results/data-ingestion-Data-Ingest-bf49b--handle-file-upload-attempt-chromium-retry1/error-context.md

    attachment #2: trace (application/zip) ─────────────────────────────────────────────────────────
    ../test-results/data-ingestion-Data-Ingest-bf49b--handle-file-upload-attempt-chromium-retry1/trace.zip
    Usage:

        npx playwright show-trace ../test-results/data-ingestion-Data-Ingest-bf49b--handle-file-upload-attempt-chromium-retry1/trace.zip

    ────────────────────────────────────────────────────────────────────────────────────────────────
]]>
</failure>
</testcase>
</testsuite>
</testsuites>